2022-07-17 16:28:35.140169 + : PC452402||pb-IF4RU2ECAg==|| joined server 
2022-07-17 18:36:28.993325 + : PC452402||pb-IF4RU2ECAg==|| joined server 
2022-07-17 18:50:15.498297 + : PC452402||pb-IF4RU2ECAg==|| joined server 
2022-07-17 18:56:26.791713 + : PC452402||pb-IF4RU2ECAg==|| joined server 
2024-10-13 04:14:18 + : NANIisOP  || None || joined server 
2024-10-13 04:14:19 + : NANIisOP  || pb-IF42P24f || joined server 
2024-10-13 04:14:38 + : PC591985  || pb-IF4-UWkFXA== || joined server 
2024-10-13 04:15:25 + : VeteranTa2  || None || joined server 
2024-10-13 04:15:26 + : VeteranTa2  || pb-IF4CPnEk || joined server 
2024-10-13 04:16:57 + : NANIisOP  || None || joined server 
2024-10-13 04:16:58 + : NANIisOP  || pb-IF42P24f || joined server 
2024-10-13 04:18:42 + : BCS  || pb-IF4iU0QaEw== || joined server 
2024-10-13 04:23:46 + : Northw1250  || pb-IF4WUFYIBA== || joined server 
2024-10-13 04:24:14 + : Northw1250  || None || joined server 
2024-10-13 04:24:15 + : Northw1250  || pb-IF4WUFYIBA== || joined server 
2024-10-13 04:25:54 + : Oobito69  || pb-IF5dUW4iFw== || joined server 
2024-10-13 04:27:07 + : UnfairCons  || None || joined server 
2024-10-13 04:27:08 + : UnfairCons  || pb-IF48URkhKQ== || joined server 
2024-10-13 04:33:17 + : rattingame  || pb-IF4nUW0lCw== || joined server 
2024-10-13 04:42:38 + : BCS  || None || joined server 
2024-10-13 05:18:06 + : NANIisOP  || pb-IF42P24f || joined server 
2024-10-13 05:21:28 + : BCS  || pb-IF4iU0QaEw== || joined server 
2024-10-13 05:21:28 + : VeteranTa2  || pb-IF4CPnEk || joined server 
2024-10-13 05:21:47 + : BCS  || None || joined server 
2024-10-13 05:25:55 + : NANIisOP  || None || joined server 
2024-10-13 05:25:56 + : NANIisOP  || pb-IF42P24f || joined server 
2024-10-13 05:26:10 + : NANIisOP  || None || joined server 
2024-10-13 05:26:11 + : NANIisOP  || pb-IF42P24f || joined server 
2024-10-13 11:06:43 + : NANIisOP  || pb-IF42P24f || joined server 
2024-10-13 11:09:56 + : VeteranTa2  || None || joined server 
2024-10-13 11:09:57 + : VeteranTa2  || pb-IF4CPnEk || joined server 
2024-10-13 11:14:59 + : BCS  || pb-IF4iU0QaEw== || joined server 
2024-10-13 11:28:04 + : VeteranTa2  || None || joined server 
2024-10-13 11:28:05 + : VeteranTa2  || pb-IF4CPnEk || joined server 
2024-10-13 11:40:11 + : BCS  || pb-IF4iU0QaEw== || joined server 
2024-10-13 11:41:41 + : NANIisOP  || None || joined server 
2024-10-13 11:48:30 + : NANIisOP  || None || joined server 
2024-10-13 11:48:31 + : NANIisOP  || pb-IF42P24f || joined server 
2024-10-13 11:54:08 + : NANIisOP  || None || joined server 
2024-10-13 11:54:09 + : NANIisOP  || pb-IF42P24f || joined server 
2024-10-13 12:26:34 + : VeteranTa2  || None || joined server 
2024-10-13 12:26:35 + : VeteranTa2  || pb-IF4CPnEk || joined server 
2024-10-13 12:26:57 + : VeteranTa2  || None || joined server 
2024-10-13 12:26:58 + : VeteranTa2  || pb-IF4CPnEk || joined server 
2024-10-13 12:28:04 + : NoName8422347  || pb-IF4qUFQmIw== || joined server 
2024-10-13 12:32:16 + : FoolishCl4  || None || joined server 
2024-10-13 12:32:17 + : FoolishCl4  || pb-IF4zUGtbBg== || joined server 
2024-10-13 12:33:05 + : VeteranTa2  || pb-IF4CPnEk || joined server 
2024-10-13 12:40:53 + : VeteranTa2  || pb-IF4CPnEk || joined server 
2024-10-13 12:41:54 + : KLRSAM  || None || joined server 
2024-10-13 12:41:55 + : KLRSAM  || pb-IF4xUW4cXQ== || joined server 
2024-10-13 12:41:59 + : NoName8422347  || pb-IF4qUFQmIw== || joined server 
2024-10-13 12:47:26 + : NANIisOP  || None || joined server 
2024-10-13 12:47:27 + : NANIisOP  || pb-IF42P24f || joined server 
2024-10-13 12:47:40 + : VeteranTa2  || pb-IF4CPnEk || joined server 
2024-10-13 12:48:01 + : NoName8422347  || pb-IF4qUFQmIw== || joined server 
2024-10-13 12:48:30 + : BCS  || pb-IF4iU0QaEw== || joined server 
2024-10-13 12:49:26 + : YawningLe5  || pb-IF4jU006CA== || joined server 
2024-10-13 12:49:30 + : NANIisOP  || pb-IF42P24f || joined server 
2024-10-13 12:51:11 + : hulk151120  || pb-IF4RVRETAg== || joined server 
2024-10-13 13:17:33 + : NANIisOP  || pb-IF42P24f || joined server 
2024-10-13 13:18:09 + : CriticalOf  || pb-IF4-UW8OEQ== || joined server 
2024-10-13 13:18:43 + : NANIisOP  || pb-IF42P24f || joined server 
2024-10-13 13:20:27 + : HEYITSMECR  || None || joined server 
2024-10-13 13:27:18 + : DiversePlo  || pb-IF4UUlQ-Mg== || joined server 
2024-10-13 13:28:27 + : BCS  || pb-IF4iU0QaEw== || joined server 
2024-10-13 13:51:20 + : Engros2013  || None || joined server 
2024-10-13 13:51:21 + : Engros2013  || pb-IF4pUXFYBA== || joined server 
2024-10-13 13:52:40 + : BCS  || pb-IF4iU0QaEw== || joined server 
2024-10-13 13:53:13 + : BCS  || pb-IF4iU0QaEw== || joined server 
2024-10-13 13:56:28 + : SaferGood2  || pb-IF4VUW0ZBw== || joined server 
2024-10-13 14:06:10 + : TH0ND3R  || None || joined server 
2024-10-13 14:06:11 + : TH0ND3R  || pb-IF4SUWZeCw== || joined server 
2024-10-13 14:07:44 + : Manager792  || pb-IF4mURVfEQ== || joined server 
2024-10-13 14:11:10 + : MoldyPood6  || pb-IF5XUWMJKg== || joined server 
2024-10-13 14:16:16 + : BCS  || pb-IF4iU0QaEw== || joined server 
2024-10-13 14:25:50 + : NANIisOP  || None || joined server 
2024-10-13 14:25:51 + : NANIisOP  || pb-IF42P24f || joined server 
2024-10-13 14:26:42 + : NANIisOP  || pb-IF42P24f || joined server 
2024-10-13 14:26:58 + : NANIisOP  || pb-IF42P24f || joined server 
2024-10-13 14:27:31 + : Improb1134  || pb-IF4FUEUOXA== || joined server 
2024-10-13 14:31:54 + : DEVDEV  || pb-IF4IUGo-KA== || joined server 
2024-10-13 14:32:20 + : NANIisOP  || pb-IF42P24f || joined server 
2024-10-13 14:37:41 + : KLRSAM  || pb-IF4xUW4cXQ== || joined server 
2024-10-13 14:37:55 + : BCS  || None || joined server 
2024-10-13 14:38:16 + : UnknownGoo  || pb-JiNJARFaVEJAX19CGEVUUldKGERcR1hG || joined server 
2024-10-13 14:39:04 + : Itzkhalid7  || None || joined server 
2024-10-13 14:39:05 + : Itzkhalid7  || pb-IF5RUHo-HA== || joined server 
2024-10-13 14:40:36 + : KLRSAM  || pb-IF4xUW4cXQ== || joined server 
2024-10-13 14:41:01 + : Mandat1020  || None || joined server 
2024-10-13 14:41:02 + : Mandat1020  || pb-IF4oUWkfKw== || joined server 
2024-10-13 14:42:39 + : Prakshub2  || pb-IF4qUXAdXQ== || joined server 
2024-10-13 14:57:11 + : NANIisOP  || pb-IF42P24f || joined server 
2024-10-13 14:57:37 + : alin123456  || None || joined server 
2024-10-13 14:57:38 + : alin123456  || pb-IF4rVVgPCg== || joined server 
2024-10-13 14:58:15 + : basugoswam  || None || joined server 
2024-10-13 14:59:31 + : basugoswam  || pb-IF4IURUTXQ== || joined server 
2024-10-13 14:59:49 + : NANIisOP  || None || joined server 
2024-10-13 14:59:50 + : NANIisOP  || pb-IF42P24f || joined server 
2024-10-13 15:00:10 + : BCS  || pb-IF4iU0QaEw== || joined server 
2024-10-13 15:09:54 + : NANIisOP  || None || joined server 
2024-10-13 15:09:55 + : NANIisOP  || pb-IF42P24f || joined server 
2024-10-13 15:10:53 + : GrownActor  || pb-IF4AUE0HDA== || joined server 
2024-10-13 15:10:59 + : Cutiepanda  || pb-IF43UWFYDg== || joined server 
2024-10-13 15:22:29 + : BCS  || None || joined server 
2024-10-13 15:22:30 + : BCS  || pb-IF4iU0QaEw== || joined server 
2024-10-13 15:42:14 + : Legalis273  || pb-IF4cVEYENw== || joined server 
2024-10-13 15:44:49 + : BCS  || pb-IF4iU0QaEw== || joined server 
2024-10-13 15:51:56 + : ZAYANOP112  || None || joined server 
2024-10-13 15:51:57 + : ZAYANOP112  || pb-IF4KUXAjXQ== || joined server 
2024-10-13 16:04:39 + : NecessaryK  || pb-IF4sUloSXA== || joined server 
2024-10-13 16:06:08 + : sam1560121  || pb-IF4OUXAxMw== || joined server 
2024-10-13 16:06:45 + : OTPPRITHVI  || pb-IF5SU0FTFQ== || joined server 
2024-10-13 16:07:39 + : BCS  || pb-IF4iU0QaEw== || joined server 
2024-10-13 16:07:56 + : rizendawg  || None || joined server 
2024-10-13 16:07:57 + : rizendawg  || pb-IF4WUW8CNw== || joined server 
2024-10-13 16:12:11 + : Beauti1977  || None || joined server 
2024-10-13 16:12:12 + : Beauti1977  || pb-IF4HUWhfVA== || joined server 
2024-10-13 16:29:25 + : BCS  || pb-IF4iU0QaEw== || joined server 
2024-10-13 16:30:08 + : bangkit200  || None || joined server 
2024-10-13 16:30:09 + : bangkit200  || pb-IF41UXAhJA== || joined server 
2024-10-13 16:48:11 + : Android64567911  || pb-IF4vUBM7Ng== || joined server 
2024-10-13 16:52:25 + : ResoluteDi  || pb-IF4lUWUEHw== || joined server 
2024-10-13 16:55:44 + : rattingame  || None || joined server 
2024-10-13 16:55:45 + : rattingame  || pb-IF4nUW0lCw== || joined server 
2024-10-13 17:12:54 + : BCS  || None || joined server 
2024-10-13 17:12:55 + : BCS  || pb-IF4iU0QaEw== || joined server 
2024-10-13 17:35:14 + : BCS  || None || joined server 
2024-10-13 17:35:15 + : BCS  || pb-IF4iU0QaEw== || joined server 
2024-10-13 17:57:13 + : BCS  || pb-IF4iU0QaEw== || joined server 
2024-10-13 17:59:37 + : pappibhai6  || pb-IF4VUk5fVA== || joined server 
2024-10-13 17:59:39 + : Zomid322  || None || joined server 
2024-10-13 17:59:40 + : Zomid322  || pb-IF4pVFcJMA== || joined server 
2024-10-13 18:00:00 + : wh1skexzc  || pb-IF4XUW9cAw== || joined server 
2024-10-13 18:00:00 + : Player disconnected, reached max players per IP address || pb-IF4pVFcJMA== 
2024-10-13 18:00:02 + : pappibhai6  || None || joined server 
2024-10-13 18:00:03 + : pappibhai6  || pb-IF4VUk5fVA== || joined server 
2024-10-13 18:13:31 + : ITZMeappu  || None || joined server 
2024-10-13 18:13:32 + : ITZMeappu  || pb-IF4VVXdePQ== || joined server 
2024-10-13 18:20:24 + : BCS  || None || joined server 
2024-10-13 18:20:25 + : BCS  || pb-IF4iU0QaEw== || joined server 
2024-10-13 18:26:22 + : Pkm1614  || pb-IF4lVBUDFg== || joined server 
2024-10-13 18:33:00 + : PlaidLugga  || None || joined server 
2024-10-13 18:33:01 + : PlaidLugga  || pb-IF5UUWUHFw== || joined server 
2024-10-13 18:42:47 + : BCS  || None || joined server 
2024-10-13 18:42:48 + : BCS  || pb-IF4iU0QaEw== || joined server 
2024-10-13 19:01:52 + : NANIisOP  || pb-IF42P24f || joined server 
2024-10-13 19:04:39 + : Android67674483  || pb-IF4HUWghFg== || joined server 
2024-10-13 19:15:53 + : NANIisOP  || pb-IF42P24f || joined server 
2024-10-13 19:20:02 + : NorthChemi  || pb-IF5cUXAbHQ== || joined server 
2024-10-13 19:26:58 + : NANIisOP  || pb-IF42P24f || joined server 
2024-10-13 19:27:48 + : BCS  || None || joined server 
2024-10-13 19:27:49 + : BCS  || pb-IF4iU0QaEw== || joined server 
2024-10-13 19:31:15 + : MuddledFu6  || pb-IF5SUWo7Vw== || joined server 
2024-10-13 19:33:57 + : ImpliedM11  || None || joined server 
2024-10-13 19:33:58 + : ImpliedM11  || pb-IF5QUE4JDg== || joined server 
2024-10-13 19:53:16 + : NANIisOP  || pb-IF42P24f || joined server 
2024-10-13 19:56:44 + : NANIisOP  || pb-IF42P24f || joined server 
2024-10-13 19:56:55 + : Harshvar51  || None || joined server 
2024-10-13 19:56:56 + : Harshvar51  || pb-IF4mUWwoEg== || joined server 
2024-10-13 19:58:19 + : NANIisOP  || pb-IF42P24f || joined server 
2024-10-13 19:59:51 + : Jusy  || None || joined server 
2024-10-13 19:59:52 + : Jusy  || pb-IF4RVFZdNQ== || joined server 
2024-10-13 20:04:25 + : BCS  || pb-IF4iU0QaEw== || joined server 
2024-10-13 20:08:09 + : Adjusta418  || pb-IF5WUHMqJg== || joined server 
2024-10-13 20:11:31 + : VeteranTa2  || None || joined server 
2024-10-13 20:11:32 + : VeteranTa2  || pb-IF4CPnEk || joined server 
2024-10-13 20:12:11 + : NANIisOP  || None || joined server 
2024-10-13 20:19:56 + : VeteranTa2  || None || joined server 
2024-10-13 20:19:57 + : VeteranTa2  || pb-IF4CPnEk || joined server 
2024-10-13 20:20:06 + : NANIisOP  || None || joined server 
2024-10-13 20:20:07 + : NANIisOP  || pb-IF42P24f || joined server 
2024-10-13 20:24:03 + : NANIisOP  || pb-IF42P24f || joined server 
2024-10-13 20:26:37 + : SloppyAlta  || pb-IF5XUXFYPQ== || joined server 
2024-10-13 20:28:14 + : BCS  || pb-IF4iU0QaEw== || joined server 
2024-10-13 20:30:02 + : ultimatesa  || pb-JiNJARBeXEJCWl1JGERQUFdCFUZbT1FH || joined server 
2024-10-13 20:30:52 + : Gobsplay17  || None || joined server 
2024-10-13 20:30:53 + : Gobsplay17  || pb-IF4xUHY6XQ== || joined server 
2024-10-13 20:31:38 + : Skibidi5  || None || joined server 
2024-10-13 20:31:39 + : Skibidi5  || pb-IF4lU0FfAQ== || joined server 
2024-10-13 20:51:05 + : BCS  || pb-IF4iU0QaEw== || joined server 
2024-10-13 20:58:22 + : bhuvangoog  || None || joined server 
2024-10-13 20:58:23 + : bhuvangoog  || pb-IF48UXFdMg== || joined server 
2024-10-13 21:13:34 + : BCS  || pb-IF4iU0QaEw== || joined server 
2024-10-13 21:13:35 + : DreadedCan  || None || joined server 
2024-10-13 21:37:40 + : BCS  || None || joined server 
2024-10-13 21:37:41 + : BCS  || pb-IF4iU0QaEw== || joined server 
2024-10-13 21:39:20 + : Aryannahar  || pb-IF5QVFY_Iw== || joined server 
2024-10-13 21:56:35 + : PoorestS13  || None || joined server 
2024-10-13 21:56:36 + : PoorestS13  || pb-IF4-UE8tVQ== || joined server 
2024-10-13 21:59:45 + : BCS  || None || joined server 
2024-10-13 21:59:46 + : BCS  || pb-IF4iU0QaEw== || joined server 
2024-10-13 22:22:47 + : BCS  || None || joined server 
2024-10-13 22:22:48 + : BCS  || pb-IF4iU0QaEw== || joined server 
2024-10-13 22:35:53 + : HEYITSMECR  || pb-IF4nUkYmIg== || joined server 
2024-10-13 22:45:35 + : BCS  || pb-IF4iU0QaEw== || joined server 
2024-10-13 22:54:10 + : SulkyDistr  || None || joined server 
2024-10-13 22:54:11 + : SulkyDistr  || pb-IF4vUxYmMQ== || joined server 
2024-10-13 22:54:28 + : MeagerTrig  || pb-IF4MUWVcMA== || joined server 
2024-10-13 22:56:42 + : Medita1051  || pb-IF4mUW0HJg== || joined server 
2024-10-13 22:57:13 + : Medita1051  || pb-IF4mUW0HJg== || joined server 
2024-10-13 22:58:12 + : Medita1051  || None || joined server 
2024-10-13 22:58:13 + : Medita1051  || pb-IF4mUW0HJg== || joined server 
2024-10-13 22:58:42 + : Medita1051  || pb-IF4mUW0HJg== || joined server 
2024-10-13 23:07:33 + : Skibidi5  || pb-IF4lU0FfAQ== || joined server 
2024-10-13 23:08:13 + : BCS  || pb-IF4iU0QaEw== || joined server 
2024-10-13 23:19:42 + : Vampguy  || pb-IF4jUWUy || joined server 
2024-10-13 23:22:39 + : Medita1051  || None || joined server 
2024-10-13 23:22:40 + : Medita1051  || pb-IF4mUW0HJg== || joined server 
2024-10-13 23:23:13 + : Boundle103  || pb-IF4sU1ctXQ== || joined server 
2024-10-13 23:24:56 + : Medita1051  || None || joined server 
2024-10-13 23:24:57 + : Medita1051  || pb-IF4mUW0HJg== || joined server 
2024-10-13 23:25:20 + : Medita1051  || None || joined server 
2024-10-13 23:25:21 + : Medita1051  || pb-IF4mUW0HJg== || joined server 
2024-10-13 23:26:30 + : Medita1051  || None || joined server 
2024-10-13 23:26:31 + : Medita1051  || pb-IF4mUW0HJg== || joined server 
2024-10-13 23:28:09 + : Aestrik  || None || joined server 
2024-10-13 23:28:10 + : Aestrik  || pb-IF42A3gA || joined server 
2024-10-13 23:29:04 + : SulkyDistr  || pb-IF4vUxYmMQ== || joined server 
2024-10-13 23:32:03 + : TheRules  || None || joined server 
2024-10-13 23:32:04 + : TheRules  || pb-IF4AUGVYAA== || joined server 
2024-10-13 23:33:47 + : SulkyDistr  || None || joined server 
2024-10-13 23:33:48 + : SulkyDistr  || pb-IF4vUxYmMQ== || joined server 
2024-10-13 23:34:04 + : SulkyDistr  || pb-IF4vUxYmMQ== || joined server 
2024-10-14 00:06:55 + : SlenderOr9  || None || joined server 
2024-10-14 00:06:56 + : SlenderOr9  || pb-IF4BVVgeMA== || joined server 
2024-10-14 00:07:26 + : Ultimat586  || pb-IF4uL0kK || joined server 
2024-10-14 00:11:33 + : CaramelArc  || None || joined server 
2024-10-14 00:11:34 + : CaramelArc  || pb-IF40UlUhJA== || joined server 
2024-10-14 00:15:22 + : BCS  || None || joined server 
2024-10-14 00:15:23 + : BCS  || pb-IF4iU0QaEw== || joined server 
2024-10-14 00:21:52 + : StoriedTro  || None || joined server 
2024-10-14 00:21:53 + : StoriedTro  || pb-IF4uVFQfEg== || joined server 
2024-10-14 00:37:20 + : BCS  || None || joined server 
2024-10-14 00:37:21 + : BCS  || pb-IF4iU0QaEw== || joined server 
2024-10-14 00:59:33 + : BCS  || None || joined server 
2024-10-14 00:59:34 + : BCS  || pb-IF4iU0QaEw== || joined server 
2024-10-14 01:01:31 + : NoNameD11247912  || pb-IF4AUWcpAg== || joined server 
2024-10-14 01:22:13 + : BCS  || pb-IF4iU0QaEw== || joined server 
2024-10-14 01:43:43 + : BCS  || None || joined server 
2024-10-14 01:43:44 + : BCS  || pb-IF4iU0QaEw== || joined server 
2024-10-14 02:05:51 + : BCS  || None || joined server 
2024-10-14 02:05:52 + : BCS  || pb-IF4iU0QaEw== || joined server 
2024-10-14 02:21:24 + : PANZERGMER  || pb-IF4cUkM4KA== || joined server 
2024-10-14 03:34:05 + : BCS  || None || joined server 
2024-10-14 03:34:06 + : BCS  || pb-IF4iU0QaEw== || joined server 
2024-10-14 03:56:13 + : BCS  || None || joined server 
2024-10-14 03:56:14 + : BCS  || pb-IF4iU0QaEw== || joined server 
2024-10-14 03:56:41 + : Ultimat586  || pb-IF4uL0kK || joined server 
2024-10-14 04:07:21 + : Humorou958  || None || joined server 
2024-10-14 04:07:22 + : Humorou958  || pb-IF4JUW8iDA== || joined server 
2024-10-14 04:18:01 + : BCS  || None || joined server 
2024-10-14 04:18:02 + : BCS  || pb-IF4iU0QaEw== || joined server 
2024-10-14 04:22:34 + : CrankyRefi  || pb-IF4AUWoiPQ== || joined server 
2024-10-14 04:41:03 + : BCS  || None || joined server 
2024-10-14 04:41:04 + : BCS  || pb-IF4iU0QaEw== || joined server 
2024-10-14 05:03:02 + : BCS  || pb-IF4iU0QaEw== || joined server 
2024-10-14 05:25:08 + : BCS  || pb-IF4iU0QaEw== || joined server 
2024-10-14 05:48:31 + : BCS  || pb-IF4iU0QaEw== || joined server 
2024-10-14 06:10:48 + : BCS  || pb-IF4iU0QaEw== || joined server 
2024-10-14 06:33:07 + : BCS  || pb-IF4iU0QaEw== || joined server 
2024-10-14 06:55:16 + : BCS  || pb-IF4iU0QaEw== || joined server 
2024-10-14 07:18:12 + : BCS  || pb-IF4iU0QaEw== || joined server 
2024-10-14 07:42:48 + : BCS  || pb-IF4iU0QaEw== || joined server 
2024-10-14 08:00:44 + : Android65619629  || pb-IF4XU1BbEw== || joined server 
2024-10-14 08:04:34 + : BCS  || pb-IF4iU0QaEw== || joined server 
2024-10-14 08:36:29 + : NANIisOP  || None || joined server 
2024-10-14 08:36:30 + : NANIisOP  || pb-IF42P24f || joined server 
2024-10-14 08:37:11 + : NANIisOP  || pb-IF42P24f || joined server 
2024-10-14 08:49:37 + : BCS  || None || joined server 
2024-10-14 08:49:38 + : BCS  || pb-IF4iU0QaEw== || joined server 
2024-10-14 09:11:38 + : BCS  || None || joined server 
2024-10-14 09:11:39 + : BCS  || pb-IF4iU0QaEw== || joined server 
2024-10-14 09:33:46 + : BCS  || None || joined server 
2024-10-14 09:33:47 + : BCS  || pb-IF4iU0QaEw== || joined server 
2024-10-14 09:55:09 + : BCS  || pb-IF4iU0QaEw== || joined server 
2024-10-14 10:38:55 + : BCS  || pb-IF4iU0QaEw== || joined server 
2024-10-14 11:24:47 + : BCS  || pb-IF4iU0QaEw== || joined server 
2024-10-14 11:46:37 + : BCS  || None || joined server 
2024-10-14 11:46:38 + : BCS  || pb-IF4iU0QaEw== || joined server 
2024-10-14 12:33:56 + : NANIisOP  || pb-IF42P24f || joined server 
2024-10-14 12:44:49 + : oofula9008  || None || joined server 
2024-10-14 12:44:50 + : oofula9008  || pb-IF4eVE0yDw== || joined server 
2024-10-14 12:44:54 + : BCS  || None || joined server 
2024-10-14 12:44:55 + : BCS  || pb-IF4iU0QaEw== || joined server 
2024-10-14 12:47:57 + : FreeRa1331  || pb-IF4-VHMBCw== || joined server 
2024-10-14 12:54:30 + : NANIisOP  || pb-IF42P24f || joined server 
2024-10-14 13:08:09 + : BCS  || pb-IF4iU0QaEw== || joined server 
2024-10-14 13:16:57 + : DakshSoni1  || None || joined server 
2024-10-14 13:16:58 + : DakshSoni1  || pb-IF4pVXkyMQ== || joined server 
2024-10-14 13:30:20 + : BCS  || pb-IF4iU0QaEw== || joined server 
2024-10-14 13:45:18 + : WickedAbst  || pb-JiNJARBeXUBDXl5BGU5RUl1DEENbT1JD || joined server 
2024-10-14 13:52:35 + : BCS  || pb-IF4iU0QaEw== || joined server 
2024-10-14 14:04:39 + : chichoji15  || None || joined server 
2024-10-14 14:04:40 + : chichoji15  || pb-IF5dUGsnUg== || joined server 
2024-10-14 14:11:56 + : Complim450  || pb-IF5SUWsSBg== || joined server 
2024-10-14 14:13:22 + : Android67786826  || None || joined server 
2024-10-14 14:13:23 + : Android67786826  || pb-IF41UW8EBg== || joined server 
2024-10-14 14:14:14 + : Android67786826  || pb-IF41UW8EBg== || joined server 
2024-10-14 14:14:46 + : BCS  || pb-IF4iU0QaEw== || joined server 
2024-10-14 14:19:25 + : deepakkuma  || None || joined server 
2024-10-14 14:19:26 + : deepakkuma  || pb-IF4jU2w_Jw== || joined server 
2024-10-14 14:39:15 + : BCS  || None || joined server 
2024-10-14 14:39:16 + : BCS  || pb-IF4iU0QaEw== || joined server 
2024-10-14 14:48:38 + : NANIisOP  || None || joined server 
2024-10-14 14:48:39 + : NANIisOP  || pb-IF42P24f || joined server 
2024-10-14 14:50:00 + : LushMateri  || pb-IF4TUGkAMQ== || joined server 
2024-10-14 14:50:08 + : NANIisOP  || pb-IF42P24f || joined server 
2024-10-14 15:06:04 + : NANIisOP  || None || joined server 
2024-10-14 15:06:05 + : NANIisOP  || pb-IF42P24f || joined server 
2024-10-14 15:06:10 + : RogueCrab2  || pb-IF4PUFgcDw== || joined server 
2024-10-14 15:06:17 + : NANIisOP  || pb-IF42P24f || joined server 
2024-10-14 15:14:42 + : NANIisOP  || None || joined server 
2024-10-14 15:14:43 + : NANIisOP  || pb-IF42P24f || joined server 
2024-10-14 15:15:40 + : NANIisOP  || None || joined server 
2024-10-14 15:15:41 + : NANIisOP  || pb-IF42P24f || joined server 
2024-10-14 15:17:33 + : PubgGuardi  || pb-IF4LUk8KPQ== || joined server 
2024-10-14 15:20:13 + : RinkuKumar  || None || joined server 
2024-10-14 15:20:14 + : RinkuKumar  || pb-IF4LURJTCg== || joined server 
2024-10-14 15:22:10 + : mithyagu  || pb-IF5VUGUPJA== || joined server 
2024-10-14 15:42:20 + : NANIisOP  || pb-IF42P24f || joined server 
2024-10-14 15:43:09 + : rajaandra1  || None || joined server 
2024-10-14 15:43:10 + : rajaandra1  || pb-IF40UmNcUw== || joined server 
2024-10-14 15:45:45 + : BCS  || pb-IF4iU0QaEw== || joined server 
2024-10-14 15:49:10 + : NANIisOP  || None || joined server 
2024-10-14 15:49:11 + : NANIisOP  || pb-IF42P24f || joined server 
2024-10-14 15:52:35 + : TechGodPro  || pb-IF4cUW9eMA== || joined server 
2024-10-14 15:52:36 + : KVB6608  || pb-IF4VUHQzHA== || joined server 
2024-10-14 15:53:11 + : OrangeRid3  || None || joined server 
2024-10-14 15:53:12 + : OrangeRid3  || pb-IF4MV2FeCg== || joined server 
2024-10-14 15:56:01 + : Extende453  || None || joined server 
2024-10-14 15:56:02 + : Extende453  || pb-IF4qUWI5Ug== || joined server 
2024-10-14 15:57:04 + : EarlierAss  || None || joined server 
2024-10-14 15:57:05 + : EarlierAss  || pb-IF4CVFkdKQ== || joined server 
2024-10-14 15:57:09 + : Heavenl366  || None || joined server 
2024-10-14 15:57:10 + : Heavenl366  || pb-IF5TUXI5HQ== || joined server 
2024-10-14 16:10:23 + : NANIisOP  || None || joined server 
2024-10-14 16:10:24 + : NANIisOP  || pb-IF42P24f || joined server 
2024-10-14 16:10:56 + : royalmous5  || pb-IF4uV0taNg== || joined server 
2024-10-14 16:12:57 + : Manthanop7  || None || joined server 
2024-10-14 16:19:37 + : NANIisOP  || None || joined server 
2024-10-14 16:19:38 + : NANIisOP  || pb-IF42P24f || joined server 
2024-10-14 16:21:36 + : BCS  || None || joined server 
2024-10-14 16:24:45 + : Manthanop7  || pb-IF4eUFkPDg== || joined server 
2024-10-14 16:29:06 + : SableIrony  || None || joined server 
2024-10-14 16:29:07 + : SableIrony  || pb-IF4uURIcUQ== || joined server 
2024-10-14 16:47:11 + : BCS  || pb-IF4iU0QaEw== || joined server 
2024-10-14 17:07:01 + : rattingame  || None || joined server 
2024-10-14 17:07:02 + : rattingame  || pb-IF4nUW0lCw== || joined server 
2024-10-14 17:10:17 + : BCS  || pb-IF4iU0QaEw== || joined server 
2024-10-14 17:31:06 + : Bottom1058  || None || joined server 
2024-10-14 17:31:07 + : Bottom1058  || pb-IF4WVVkqVg== || joined server 
2024-10-14 17:33:09 + : BCS  || pb-IF4iU0QaEw== || joined server 
2024-10-14 17:33:52 + : Tanuuuu001  || None || joined server 
2024-10-14 17:33:53 + : Tanuuuu001  || pb-IF4KUXFdLg== || joined server 
2024-10-14 17:35:31 + : LaRry16o14  || pb-IF4LEnYu || joined server 
2024-10-14 17:53:38 + : UnbornCafe  || None || joined server 
2024-10-14 17:53:39 + : UnbornCafe  || pb-IF4gUXBdKg== || joined server 
2024-10-14 17:54:38 + : Industr975  || pb-IF4rUEMzNw== || joined server 
2024-10-14 17:55:37 + : Lightn1647  || pb-IF4sV25aKg== || joined server 
2024-10-14 17:55:44 + : BCS  || pb-IF4iU0QaEw== || joined server 
2024-10-14 18:01:43 + : UnbornCafe  || None || joined server 
2024-10-14 18:01:44 + : UnbornCafe  || pb-IF4gUXBdKg== || joined server 
2024-10-14 18:01:47 + : Industr975  || None || joined server 
2024-10-14 18:12:44 + : NANIisOP  || None || joined server 
2024-10-14 18:12:45 + : NANIisOP  || pb-IF42P24f || joined server 
2024-10-14 18:13:00 + : Ultimat586  || pb-IF4uL0kK || joined server 
2024-10-14 18:15:41 + : PremierP10  || None || joined server 
