2024-10-13 04:13:37 + : Server started 
2024-10-13 04:14:18 + : None a~h~}jdaaaaii 9382e98cba7275c3a92c2e88fff23e76c7e1fa79 
2024-10-13 04:14:19 + : pb-IF42P24f a~h~}jdaaaaii 9382e98cba7275c3a92c2e88fff23e76c7e1fa79 
2024-10-13 04:14:19 + : pb-IF42P24f ip: a~h~}jdaaaaii , Device id: 9382e98cba7275c3a92c2e88fff23e76c7e1fa79 
2024-10-13 04:14:38 + : pb-IF4-UWkFXA== ak~wa~}keaii{ 21a3555b8cf8262f52f710286951a8491c48fb4b 
2024-10-13 04:15:25 + : None azj~z`~~aian 31ca4439f3413504b1dfff9fb121ad694c0fbf9b 
2024-10-13 04:15:26 + : pb-IF4CPnEk azj~z`~~aian 31ca4439f3413504b1dfff9fb121ad694c0fbf9b 
2024-10-13 04:16:57 + : None a~h~}jdaaaaii 9382e98cba7275c3a92c2e88fff23e76c7e1fa79 
2024-10-13 04:16:58 + : pb-IF42P24f a~h~}jdaaaaii 9382e98cba7275c3a92c2e88fff23e76c7e1fa79 
2024-10-13 04:16:58 + : pb-IF42P24f ip: a~h~}jdaaaaii , Device id: 9382e98cba7275c3a92c2e88fff23e76c7e1fa79 
2024-10-13 04:18:42 + : pb-IF4iU0QaEw== a{i~~lgajdaif} 4da63e77c8e855d8d121f66e6efdb706c65f6e05 
2024-10-13 04:23:46 + : pb-IF4WUFYIBA== a~o~}k`akca`b 597728e7be54d78c51cf3c101600b74b969500cb 
2024-10-13 04:24:14 + : None a~o~}k`akca`b 597728e7be54d78c51cf3c101600b74b969500cb 
2024-10-13 04:24:15 + : pb-IF4WUFYIBA== a~o~}k`akca`b 597728e7be54d78c51cf3c101600b74b969500cb 
2024-10-13 04:24:15 + : pb-IF4WUFYIBA== ip: a~o~}k`akca`b , Device id: 597728e7be54d78c51cf3c101600b74b969500cb 
2024-10-13 04:25:54 + : pb-IF5dUW4iFw== ak~~nhakaaidw e90ef294c0cbbdf17023352db88f595fea2a28fc 
2024-10-13 04:27:07 + : None a}m~}keajc|va{a 65f77d962ff42ffe328adc9b46300a5e913960f6 
2024-10-13 04:27:08 + : pb-IF48URkhKQ== a}m~}keajc|va{a 65f77d962ff42ffe328adc9b46300a5e913960f6 
2024-10-13 04:33:17 + : pb-IF4nUW0lCw== dvvd|va~`~wo 9dc4206ee9265c86549a1e0b877a69099b83c58a 
2024-10-13 04:42:38 + : None a{i~~lgajdaif} 4da63e77c8e855d8d121f66e6efdb706c65f6e05 
2024-10-13 04:42:39 + : pb-IF4iU0QaEw== a{i~~lgajdaif} 4da63e77c8e855d8d121f66e6efdb706c65f6e05 
2024-10-13 04:42:39 + : pb-IF4iU0QaEw== ip: a{i~~lgajdaif} , Device id: 4da63e77c8e855d8d121f66e6efdb706c65f6e05 
2024-10-13 04:50:04 + : None a~h~}jdaaaaii 9382e98cba7275c3a92c2e88fff23e76c7e1fa79 
2024-10-13 04:50:05 + : pb-IF42P24f a~h~}jdaaaaii 9382e98cba7275c3a92c2e88fff23e76c7e1fa79 
2024-10-13 05:17:05 + : Server started 
2024-10-13 05:18:06 + : pb-IF42P24f a~h~}jdaaaaii 9382e98cba7275c3a92c2e88fff23e76c7e1fa79 
2024-10-13 05:18:06 + : pb-IF42P24f ip: a~h~}jdaaaaii , Device id: 9382e98cba7275c3a92c2e88fff23e76c7e1fa79 
2024-10-13 05:21:28 + : pb-IF4iU0QaEw== a{i~~lgajdaif} 4da63e77c8e855d8d121f66e6efdb706c65f6e05 
2024-10-13 05:21:28 + : pb-IF4CPnEk azj~z`~~aiaab 31ca4439f3413504b1dfff9fb121ad694c0fbf9b 
2024-10-13 05:21:28 + : pb-IF4iU0QaEw== ip: a{i~~lgajdaif} , Device id: 4da63e77c8e855d8d121f66e6efdb706c65f6e05 
2024-10-13 05:25:48 + : Server started 
2024-10-13 05:25:55 + : None a~h~}jdaaaaii 9382e98cba7275c3a92c2e88fff23e76c7e1fa79 
2024-10-13 05:25:56 + : pb-IF42P24f a~h~}jdaaaaii 9382e98cba7275c3a92c2e88fff23e76c7e1fa79 
2024-10-13 05:25:56 + : pb-IF42P24f ip: a~h~}jdaaaaii , Device id: 9382e98cba7275c3a92c2e88fff23e76c7e1fa79 
2024-10-13 05:26:10 + : None a~h~}jdaaaaii 9382e98cba7275c3a92c2e88fff23e76c7e1fa79 
2024-10-13 05:26:11 + : pb-IF42P24f a~h~}jdaaaaii 9382e98cba7275c3a92c2e88fff23e76c7e1fa79 
2024-10-13 11:06:34 + : Server started 
2024-10-13 11:06:43 + : pb-IF42P24f a~h~}jdaaaaii 9382e98cba7275c3a92c2e88fff23e76c7e1fa79 
2024-10-13 11:06:43 + : pb-IF42P24f ip: a~h~}jdaaaaii , Device id: 9382e98cba7275c3a92c2e88fff23e76c7e1fa79 
2024-10-13 11:09:56 + : None azj~z`~}idaj`{ 31ca4439f3413504b1dfff9fb121ad694c0fbf9b 
2024-10-13 11:09:57 + : pb-IF4CPnEk azj~z`~}idaj`{ 31ca4439f3413504b1dfff9fb121ad694c0fbf9b 
2024-10-13 11:09:57 + : pb-IF4CPnEk ip: azj~z`~}idaj`{ , Device id: 31ca4439f3413504b1dfff9fb121ad694c0fbf9b 
2024-10-13 11:14:59 + : pb-IF4iU0QaEw== a{i~~lgajdaif} 4da63e77c8e855d8d121f66e6efdb706c65f6e05 
2024-10-13 11:14:59 + : pb-IF4iU0QaEw== ip: a{i~~lgajdaif} , Device id: 4da63e77c8e855d8d121f66e6efdb706c65f6e05 
2024-10-13 11:28:04 + : None azj~z`~}jbaig~ 31ca4439f3413504b1dfff9fb121ad694c0fbf9b 
2024-10-13 11:28:05 + : pb-IF4CPnEk azj~z`~}jbaig~ 31ca4439f3413504b1dfff9fb121ad694c0fbf9b 
2024-10-13 11:28:05 + : pb-IF4CPnEk ip: azj~z`~}jbaig~ , Device id: 31ca4439f3413504b1dfff9fb121ad694c0fbf9b 
2024-10-13 11:40:11 + : pb-IF4iU0QaEw== a{i~~lgajdaif} 4da63e77c8e855d8d121f66e6efdb706c65f6e05 
2024-10-13 11:48:27 + : Server started 
2024-10-13 11:48:30 + : None a~h~}jdaaaaii 9382e98cba7275c3a92c2e88fff23e76c7e1fa79 
2024-10-13 11:48:31 + : pb-IF42P24f a~h~}jdaaaaii 9382e98cba7275c3a92c2e88fff23e76c7e1fa79 
2024-10-13 11:48:31 + : pb-IF42P24f ip: a~h~}jdaaaaii , Device id: 9382e98cba7275c3a92c2e88fff23e76c7e1fa79 
2024-10-13 11:54:08 + : None a~h~}jdaaaaii 9382e98cba7275c3a92c2e88fff23e76c7e1fa79 
2024-10-13 11:54:09 + : pb-IF42P24f a~h~}jdaaaaii 9382e98cba7275c3a92c2e88fff23e76c7e1fa79 
2024-10-13 12:21:51 + : Server started 
2024-10-13 12:22:56 + : None azj~z`~}jbaig~ 31ca4439f3413504b1dfff9fb121ad694c0fbf9b 
2024-10-13 12:22:57 + : pb-IF4CPnEk azj~z`~}jbaig~ 31ca4439f3413504b1dfff9fb121ad694c0fbf9b 
2024-10-13 12:22:57 + : pb-IF4CPnEk ip: azj~z`~}jbaig~ , Device id: 31ca4439f3413504b1dfff9fb121ad694c0fbf9b 
2024-10-13 12:24:45 + : pb-IF4iU0QaEw== a{i~~lgajdaif} 4da63e77c8e855d8d121f66e6efdb706c65f6e05 
2024-10-13 12:24:45 + : pb-IF4iU0QaEw== ip: a{i~~lgajdaif} , Device id: 4da63e77c8e855d8d121f66e6efdb706c65f6e05 
2024-10-13 12:26:10 + : Server started 
2024-10-13 12:26:34 + : None azj~z`~}jbaig~ 31ca4439f3413504b1dfff9fb121ad694c0fbf9b 
2024-10-13 12:26:35 + : pb-IF4CPnEk azj~z`~}jbaig~ 31ca4439f3413504b1dfff9fb121ad694c0fbf9b 
2024-10-13 12:26:35 + : pb-IF4CPnEk ip: azj~z`~}jbaig~ , Device id: 31ca4439f3413504b1dfff9fb121ad694c0fbf9b 
2024-10-13 12:26:57 + : None azj~z`~}jbaig~ 31ca4439f3413504b1dfff9fb121ad694c0fbf9b 
2024-10-13 12:26:58 + : pb-IF4CPnEk azj~z`~}jbaig~ 31ca4439f3413504b1dfff9fb121ad694c0fbf9b 
2024-10-13 12:26:58 + : pb-IF4CPnEk ip: azj~z`~}jbaig~ , Device id: 31ca4439f3413504b1dfff9fb121ad694c0fbf9b 
2024-10-13 12:28:04 + : pb-IF4qUFQmIw== an~yl~~maam 41f0c1d830764f0f6951369573e671fc1fd5bc81 
2024-10-13 12:32:16 + : None dvvd|vc|va}k eb172cdb8897c0a11b248b266528daa52458257e 
2024-10-13 12:32:17 + : pb-IF4zUGtbBg== dvvd|vc|va}k eb172cdb8897c0a11b248b266528daa52458257e 
2024-10-13 12:33:05 + : pb-IF4CPnEk azj~z`~}jbaig~ 31ca4439f3413504b1dfff9fb121ad694c0fbf9b 
2024-10-13 12:33:05 + : pb-IF4CPnEk ip: azj~z`~}jbaig~ , Device id: 31ca4439f3413504b1dfff9fb121ad694c0fbf9b 
2024-10-13 12:40:49 + : Server started 
2024-10-13 12:40:53 + : pb-IF4CPnEk azj~z`~}jbaig~ 31ca4439f3413504b1dfff9fb121ad694c0fbf9b 
2024-10-13 12:40:53 + : pb-IF4CPnEk ip: azj~z`~}jbaig~ , Device id: 31ca4439f3413504b1dfff9fb121ad694c0fbf9b 
2024-10-13 12:41:54 + : None dvvcyva|n~~hc 6d71094faf23965426b9348ea5d53728f7d781ee 
2024-10-13 12:41:55 + : pb-IF4xUW4cXQ== dvvcyva|n~~hc 6d71094faf23965426b9348ea5d53728f7d781ee 
2024-10-13 12:41:59 + : pb-IF4qUFQmIw== an~yl~~maam 41f0c1d830764f0f6951369573e671fc1fd5bc81 
2024-10-13 12:47:13 + : Server started 
2024-10-13 12:47:26 + : None a~h~}jdaaaaii 9382e98cba7275c3a92c2e88fff23e76c7e1fa79 
2024-10-13 12:47:27 + : pb-IF42P24f a~h~}jdaaaaii 9382e98cba7275c3a92c2e88fff23e76c7e1fa79 
2024-10-13 12:47:27 + : pb-IF42P24f ip: a~h~}jdaaaaii , Device id: 9382e98cba7275c3a92c2e88fff23e76c7e1fa79 
2024-10-13 12:47:40 + : pb-IF4CPnEk azj~z`~}jbaig~ 31ca4439f3413504b1dfff9fb121ad694c0fbf9b 
2024-10-13 12:47:40 + : pb-IF4CPnEk ip: azj~z`~}jbaig~ , Device id: 31ca4439f3413504b1dfff9fb121ad694c0fbf9b 
2024-10-13 12:48:01 + : pb-IF4qUFQmIw== an~yl~~maam 41f0c1d830764f0f6951369573e671fc1fd5bc81 
2024-10-13 12:48:01 + : pb-IF4qUFQmIw== ip: an~yl~~maam , Device id: 41f0c1d830764f0f6951369573e671fc1fd5bc81 
2024-10-13 12:48:30 + : pb-IF4iU0QaEw== a{i~~lgajdaif} 4da63e77c8e855d8d121f66e6efdb706c65f6e05 
2024-10-13 12:48:30 + : pb-IF4iU0QaEw== ip: a{i~~lgajdaif} , Device id: 4da63e77c8e855d8d121f66e6efdb706c65f6e05 
2024-10-13 12:49:26 + : pb-IF4jU006CA== a}j~~ogaafaiav 90f36315d201f2f7507f32725eaaa96abe5c3f79 
2024-10-13 12:49:30 + : pb-IF42P24f a~h~}jdaaaaii 9382e98cba7275c3a92c2e88fff23e76c7e1fa79 
2024-10-13 12:49:30 + : pb-IF42P24f ip: a~h~}jdaaaaii , Device id: 9382e98cba7275c3a92c2e88fff23e76c7e1fa79 
2024-10-13 12:51:11 + : pb-IF4RVRETAg== azj~za~}a~wk caa76341db2ce997d35ad255725176eda62d7db5 
2024-10-13 12:58:42 + : pb-IF4KUXABKw== an~}iaaocale 9f55d4b82121fff755aeefb90cf824029de64ca6 
2024-10-13 13:10:39 + : None a{i~~lgajdaif} 4da63e77c8e855d8d121f66e6efdb706c65f6e05 
2024-10-13 13:10:40 + : pb-IF4iU0QaEw== a{i~~lgajdaif} 4da63e77c8e855d8d121f66e6efdb706c65f6e05 
2024-10-13 13:10:40 + : pb-IF4iU0QaEw== ip: a{i~~lgajdaif} , Device id: 4da63e77c8e855d8d121f66e6efdb706c65f6e05 
2024-10-13 13:17:28 + : Server started 
2024-10-13 13:17:33 + : pb-IF42P24f a~h~}jdaaaaii 9382e98cba7275c3a92c2e88fff23e76c7e1fa79 
2024-10-13 13:17:33 + : pb-IF42P24f ip: a~h~}jdaaaaii , Device id: 9382e98cba7275c3a92c2e88fff23e76c7e1fa79 
2024-10-13 13:18:09 + : pb-IF4-UW8OEQ== ava~}i~~obajb 7737a15296ea416180a73eba8dde6f1414d1b9be 
2024-10-13 13:18:43 + : pb-IF42P24f a~h~}jdaaaaii 9382e98cba7275c3a92c2e88fff23e76c7e1fa79 
2024-10-13 13:18:43 + : pb-IF42P24f ip: a~h~}jdaaaaii , Device id: 9382e98cba7275c3a92c2e88fff23e76c7e1fa79 
2024-10-13 13:20:27 + : None ak~~oeaicyva{k c498a137e5157334e79a40e8a23eda71205d7925 
2024-10-13 13:27:18 + : pb-IF4UUlQ-Mg== azo~|a~y`~}ka 4e14bdb943008cca5dd4c1a444eaedacac2eeace 
2024-10-13 13:28:27 + : pb-IF4iU0QaEw== a{i~~lgajdaif} 4da63e77c8e855d8d121f66e6efdb706c65f6e05 
2024-10-13 13:28:27 + : pb-IF4iU0QaEw== ip: a{i~~lgajdaif} , Device id: 4da63e77c8e855d8d121f66e6efdb706c65f6e05 
2024-10-13 13:51:20 + : None azh~~jiai`{vbh f3928ca72a326a3934a5fc6ae0b2b1cf5d03704c 
2024-10-13 13:51:21 + : pb-IF4pUXFYBA== azh~~jiai`{vbh f3928ca72a326a3934a5fc6ae0b2b1cf5d03704c 
2024-10-13 13:51:23 + : pb-IF4pUXFYBA==|| kicked > new account 
2024-10-13 13:52:40 + : pb-IF4iU0QaEw== a{i~~lgajdaif} 4da63e77c8e855d8d121f66e6efdb706c65f6e05 
2024-10-13 13:52:40 + : pb-IF4iU0QaEw== ip: a{i~~lgajdaif} , Device id: 4da63e77c8e855d8d121f66e6efdb706c65f6e05 
2024-10-13 13:53:13 + : pb-IF4iU0QaEw== a{i~~lgajdaif} 4da63e77c8e855d8d121f66e6efdb706c65f6e05 
2024-10-13 13:53:13 + : pb-IF4iU0QaEw== ip: a{i~~lgajdaif} , Device id: 4da63e77c8e855d8d121f66e6efdb706c65f6e05 
2024-10-13 13:56:28 + : pb-IF4VUW0ZBw== ak~~lhajaajb{ 7519baf9929a4dfd309fd372017ac4ded5411329 
2024-10-13 14:06:10 + : None ak~}haaib{va{` e9903842643a6be0b3facd70826e122322c266cb 
2024-10-13 14:06:11 + : pb-IF4SUWZeCw== ak~}haaib{va{` e9903842643a6be0b3facd70826e122322c266cb 
2024-10-13 14:07:44 + : pb-IF4mURVfEQ== gwvavj~~obaib 9155475eaefd57ada457c009849fcc484f29e0d9 
2024-10-13 14:11:10 + : pb-IF5XUWMJKg== fve}va}n~~mg 0543fc984d862511e782816ee28c99821bc5effb 
2024-10-13 14:16:16 + : pb-IF4iU0QaEw== a{i~~lgajdaif} 4da63e77c8e855d8d121f66e6efdb706c65f6e05 
2024-10-13 14:16:16 + : pb-IF4iU0QaEw== ip: a{i~~lgajdaif} , Device id: 4da63e77c8e855d8d121f66e6efdb706c65f6e05 
2024-10-13 14:25:50 + : None a~h~}jdaaeajaw 9382e98cba7275c3a92c2e88fff23e76c7e1fa79 
2024-10-13 14:25:51 + : pb-IF42P24f a~h~}jdaaeajaw 9382e98cba7275c3a92c2e88fff23e76c7e1fa79 
2024-10-13 14:25:51 + : pb-IF42P24f ip: a~h~}jdaaeajaw , Device id: 9382e98cba7275c3a92c2e88fff23e76c7e1fa79 
2024-10-13 14:26:42 + : pb-IF42P24f a~h~}jdaaeajaw 9382e98cba7275c3a92c2e88fff23e76c7e1fa79 
2024-10-13 14:26:42 + : pb-IF42P24f ip: a~h~}jdaaeajaw , Device id: 9382e98cba7275c3a92c2e88fff23e76c7e1fa79 
2024-10-13 14:26:58 + : pb-IF42P24f a~h~}jdaaeajaw 9382e98cba7275c3a92c2e88fff23e76c7e1fa79 
2024-10-13 14:26:58 + : pb-IF42P24f ip: a~h~}jdaaeajaw , Device id: 9382e98cba7275c3a92c2e88fff23e76c7e1fa79 
2024-10-13 14:27:31 + : pb-IF4FUEUOXA== awk~~`baiayvb|` 65f9369528b5ff2c656001c76ed55afce0fba597 
2024-10-13 14:31:54 + : pb-IF4IUGo-KA== azj~za~{n~~ig a167f70b1b09a6dde842682fcfe21ec506f676f1 
2024-10-13 14:32:20 + : pb-IF42P24f a~h~}jdaaeajaw 9382e98cba7275c3a92c2e88fff23e76c7e1fa79 
2024-10-13 14:32:20 + : pb-IF42P24f ip: a~h~}jdaaeajaw , Device id: 9382e98cba7275c3a92c2e88fff23e76c7e1fa79 
2024-10-13 14:37:41 + : pb-IF4xUW4cXQ== dvvcyva|n~~hc 6d71094faf23965426b9348ea5d53728f7d781ee 
2024-10-13 14:37:41 + : pb-IF4xUW4cXQ== ip: dvvcyva|n~~hc , Device id: 6d71094faf23965426b9348ea5d53728f7d781ee 
2024-10-13 14:37:55 + : None a{i~~lgajdaif} 4da63e77c8e855d8d121f66e6efdb706c65f6e05 
2024-10-13 14:38:16 + : pb-JiNJARFaVEJAX19CGEVUUldKGERcR1hG azj~z`~~hia`h 2a2aae3451208e16e7d6bb9fb25053eb0771cfb0 
2024-10-13 14:39:04 + : None a}h~zn~v`~}ja 9fbff62a67560a53aa0987838e52ffdf44230015 
2024-10-13 14:39:05 + : pb-IF5RUHo-HA== a}h~zn~v`~}ja 9fbff62a67560a53aa0987838e52ffdf44230015 
2024-10-13 14:40:36 + : pb-IF4xUW4cXQ== dvvcyva|n~~hc 6d71094faf23965426b9348ea5d53728f7d781ee 
2024-10-13 14:40:36 + : pb-IF4xUW4cXQ== ip: dvvcyva|n~~hc , Device id: 6d71094faf23965426b9348ea5d53728f7d781ee 
2024-10-13 14:41:01 + : None ak~~oaajc}vc 8b3c816283963921f887506a904a6cca3cd851fe 
2024-10-13 14:41:02 + : pb-IF4oUWkfKw== ak~~oaajc}vc 8b3c816283963921f887506a904a6cca3cd851fe 
2024-10-13 14:42:39 + : pb-IF4qUXAdXQ== azj~z`~}k~~aa b175e5e2ba7ec2539c7ed9df36d96d4f99654b56 
2024-10-13 14:42:42 + : pb-IF4qUXAdXQ==|| kicked > new account 
2024-10-13 14:43:07 + : None a}j~~naaobaje| 178ba6030faa27fd175b054e8d8a5666ad764bf8 
2024-10-13 14:49:17 + : Server started 
2024-10-13 14:49:27 + : pb-IF42P24f a~h~}jdaaeajaw 9382e98cba7275c3a92c2e88fff23e76c7e1fa79 
2024-10-13 14:49:27 + : pb-IF42P24f ip: a~h~}jdaaeajaw , Device id: 9382e98cba7275c3a92c2e88fff23e76c7e1fa79 
2024-10-13 14:50:33 + : pb-IF42VWwIPw== ak~~m`aicvvd 83135f2c19d11c096c10df4d0c2aec2ca6ec1726 
2024-10-13 14:51:32 + : pb-IF42VWwIPw== ak~~m`aicvvd 83135f2c19d11c096c10df4d0c2aec2ca6ec1726 
2024-10-13 14:51:32 + : pb-IF42VWwIPw== ip: ak~~m`aicvvd , Device id: 83135f2c19d11c096c10df4d0c2aec2ca6ec1726 
2024-10-13 14:57:06 + : Server started 
2024-10-13 14:57:11 + : pb-IF42P24f a~h~}jdaaeajaw 9382e98cba7275c3a92c2e88fff23e76c7e1fa79 
2024-10-13 14:57:11 + : pb-IF42P24f ip: a~h~}jdaaeajaw , Device id: 9382e98cba7275c3a92c2e88fff23e76c7e1fa79 
2024-10-13 14:57:37 + : None azj~zo~~``aih} 634c0dcd905c496a6281717005db479222d4d048 
2024-10-13 14:57:38 + : pb-IF4rVVgPCg== azj~zo~~``aih} 634c0dcd905c496a6281717005db479222d4d048 
2024-10-13 14:58:15 + : None a}j~~naaobaje| 178ba6030faa27fd175b054e8d8a5666ad764bf8 
2024-10-13 14:59:17 + : Server started 
2024-10-13 14:59:31 + : pb-IF4IURUTXQ== a}j~~naaobaje| 178ba6030faa27fd175b054e8d8a5666ad764bf8 
2024-10-13 14:59:31 + : pb-IF4IURUTXQ== ip: a}j~~naaobaje| , Device id: 178ba6030faa27fd175b054e8d8a5666ad764bf8 
2024-10-13 14:59:49 + : None a~h~}jdaaeajaw 9382e98cba7275c3a92c2e88fff23e76c7e1fa79 
2024-10-13 14:59:50 + : pb-IF42P24f a~h~}jdaaeajaw 9382e98cba7275c3a92c2e88fff23e76c7e1fa79 
2024-10-13 14:59:51 + : pb-IF42P24f ip: a~h~}jdaaeajaw , Device id: 9382e98cba7275c3a92c2e88fff23e76c7e1fa79 
2024-10-13 15:09:42 + : Server started 
2024-10-13 15:09:54 + : None a~h~}jdaaeajaw 9382e98cba7275c3a92c2e88fff23e76c7e1fa79 
2024-10-13 15:09:55 + : pb-IF42P24f a~h~}jdaaeajaw 9382e98cba7275c3a92c2e88fff23e76c7e1fa79 
2024-10-13 15:09:55 + : pb-IF42P24f ip: a~h~}jdaaeajaw , Device id: 9382e98cba7275c3a92c2e88fff23e76c7e1fa79 
2024-10-13 15:10:53 + : pb-IF4AUE0HDA== axo~}jbanbajc} d0bdc78b6a6945c61604da190bb373d044def810 
2024-10-13 15:10:59 + : pb-IF43UWFYDg== a}j~~nbaidwvh e09dfdca0e3d9754a1278a2fbd8635520aa406c7 
2024-10-13 15:14:28 + : Server started 
2024-10-13 15:22:29 + : None a{i~~lgajdaif} 4da63e77c8e855d8d121f66e6efdb706c65f6e05 
2024-10-13 15:22:30 + : pb-IF4iU0QaEw== a{i~~lgajdaif} 4da63e77c8e855d8d121f66e6efdb706c65f6e05 
2024-10-13 15:22:30 + : pb-IF4iU0QaEw== ip: a{i~~lgajdaif} , Device id: 4da63e77c8e855d8d121f66e6efdb706c65f6e05 
2024-10-13 15:42:14 + : pb-IF4cVEYENw== ak~~odajd}vax 10f3513e8c3caa06e726afccdce90b9c33bf0dcc 
2024-10-13 15:44:49 + : pb-IF4iU0QaEw== a{i~~lgajdaif} 4da63e77c8e855d8d121f66e6efdb706c65f6e05 
2024-10-13 15:44:49 + : pb-IF4iU0QaEw== ip: a{i~~lgajdaif} , Device id: 4da63e77c8e855d8d121f66e6efdb706c65f6e05 
2024-10-13 15:51:56 + : None azj~za~~obai 9081b37ef9dc91a91f431324b7eccebe43cc52be 
2024-10-13 15:51:57 + : pb-IF4KUXAjXQ== azj~za~~obai 9081b37ef9dc91a91f431324b7eccebe43cc52be 
2024-10-13 16:04:39 + : pb-IF4sUloSXA== azj~z`~yi~~oi d0278775d04c06acb7007abcbb37b8505faf0ecd 
2024-10-13 16:06:08 + : pb-IF4OUXAxMw== b}k~~oha``aie c06bbfff74f2473a0b40fc6a5a2bd3ebed2dc746 
2024-10-13 16:06:10 + : pb-IF4OUXAxMw==|| kicked > new account 
2024-10-13 16:06:45 + : pb-IF5SU0FTFQ== dvvbl~~keaicv 6834e9630e9bcfdc32bbb9d423ff47522e4028bb 
2024-10-13 16:07:39 + : pb-IF4iU0QaEw== a{i~~lgajdaif} 4da63e77c8e855d8d121f66e6efdb706c65f6e05 
2024-10-13 16:07:39 + : pb-IF4iU0QaEw== ip: a{i~~lgajdaif} , Device id: 4da63e77c8e855d8d121f66e6efdb706c65f6e05 
2024-10-13 16:07:56 + : None azj~z`~}m~ 1ec4c1f2ebd7a3be123f7499f17e779663053b7d 
2024-10-13 16:07:57 + : pb-IF4WUW8CNw== azj~z`~}m~ 1ec4c1f2ebd7a3be123f7499f17e779663053b7d 
2024-10-13 16:12:11 + : None awj~{`~}jiaoa bcf7b850c3c9f3e839632e5f4c4281711479da80 
2024-10-13 16:12:12 + : pb-IF4HUWhfVA== awj~{`~}jiaoa bcf7b850c3c9f3e839632e5f4c4281711479da80 
2024-10-13 16:29:25 + : pb-IF4iU0QaEw== a{i~~lgajdaif} 4da63e77c8e855d8d121f66e6efdb706c65f6e05 
2024-10-13 16:29:25 + : pb-IF4iU0QaEw== ip: a{i~~lgajdaif} , Device id: 4da63e77c8e855d8d121f66e6efdb706c65f6e05 
2024-10-13 16:30:08 + : None a~l~{vb~k~~me 0682da0f5694c10535dd08bbdd0b3b0f9803f4e3 
2024-10-13 16:30:09 + : pb-IF41UXAhJA== a~l~{vb~k~~me 0682da0f5694c10535dd08bbdd0b3b0f9803f4e3 
2024-10-13 16:30:12 + : pb-IF41UXAhJA==|| kicked > new account 
2024-10-13 16:48:11 + : pb-IF4vUBM7Ng== d|vb|i~}a~~ob dd394f385f8aee7c409d27f62ded569934e984f8 
2024-10-13 16:52:25 + : pb-IF4lUWUEHw== d|vb|i~}a~~o` fe6f1ec88ca3905e8fad99f6192fd32fc5456957 
2024-10-13 16:55:44 + : None dvvd|va~`~wo 9dc4206ee9265c86549a1e0b877a69099b83c58a 
2024-10-13 16:55:45 + : pb-IF4nUW0lCw== dvvd|va~`~wo 9dc4206ee9265c86549a1e0b877a69099b83c58a 
2024-10-13 16:55:45 + : pb-IF4nUW0lCw== ip: dvvd|va~`~wo , Device id: 9dc4206ee9265c86549a1e0b877a69099b83c58a 
2024-10-13 17:12:54 + : None a{i~~lgajdaif} 4da63e77c8e855d8d121f66e6efdb706c65f6e05 
2024-10-13 17:12:55 + : pb-IF4iU0QaEw== a{i~~lgajdaif} 4da63e77c8e855d8d121f66e6efdb706c65f6e05 
2024-10-13 17:12:55 + : pb-IF4iU0QaEw== ip: a{i~~lgajdaif} , Device id: 4da63e77c8e855d8d121f66e6efdb706c65f6e05 
2024-10-13 17:35:14 + : None a{i~~lgajdaif} 4da63e77c8e855d8d121f66e6efdb706c65f6e05 
2024-10-13 17:35:15 + : pb-IF4iU0QaEw== a{i~~lgajdaif} 4da63e77c8e855d8d121f66e6efdb706c65f6e05 
2024-10-13 17:35:15 + : pb-IF4iU0QaEw== ip: a{i~~lgajdaif} , Device id: 4da63e77c8e855d8d121f66e6efdb706c65f6e05 
2024-10-13 17:57:13 + : pb-IF4iU0QaEw== a{i~~lgajdaif} 4da63e77c8e855d8d121f66e6efdb706c65f6e05 
2024-10-13 17:57:13 + : pb-IF4iU0QaEw== ip: a{i~~lgajdaif} , Device id: 4da63e77c8e855d8d121f66e6efdb706c65f6e05 
2024-10-13 17:59:37 + : pb-IF4VUk5fVA== dxvc~vbzj~yh d8d43d6f210c15fd633258d03063f975c6e8f436 
2024-10-13 17:59:39 + : None dvvcyva|a~~lh 5f3a7236d3f6582d27d0d10a3e9395e7f02fcff9 
2024-10-13 17:59:40 + : pb-IF4pVFcJMA== dvvcyva|a~~lh 5f3a7236d3f6582d27d0d10a3e9395e7f02fcff9 
2024-10-13 18:00:00 + : pb-IF4XUW9cAw== dvvcyva|a~~lh 8f49c065a1dd5c60bf4bfa4cb75ecfd2da05a8de 
2024-10-13 18:00:02 + : None dxvc~vbzj~yh d8d43d6f210c15fd633258d03063f975c6e8f436 
2024-10-13 18:00:03 + : pb-IF4VUk5fVA== dxvc~vbzj~yh d8d43d6f210c15fd633258d03063f975c6e8f436 
2024-10-13 18:00:03 + : pb-IF4VUk5fVA== ip: dxvc~vbzj~yh , Device id: d8d43d6f210c15fd633258d03063f975c6e8f436 
2024-10-13 18:13:31 + : None dvvazva|`~~n` 0a2189485dede5b8e2a3510ef8c861c0c9f560c0 
2024-10-13 18:13:32 + : pb-IF4VVXdePQ== dvvazva|`~~n` 0a2189485dede5b8e2a3510ef8c861c0c9f560c0 
2024-10-13 18:20:24 + : None a{i~~lgajdaif} 4da63e77c8e855d8d121f66e6efdb706c65f6e05 
2024-10-13 18:20:25 + : pb-IF4iU0QaEw== a{i~~lgajdaif} 4da63e77c8e855d8d121f66e6efdb706c65f6e05 
2024-10-13 18:20:25 + : pb-IF4iU0QaEw== ip: a{i~~lgajdaif} , Device id: 4da63e77c8e855d8d121f66e6efdb706c65f6e05 
2024-10-13 18:26:22 + : pb-IF4lVBUDFg== axm~~haai`zva| 0dbbe603e3bc9b823d160bfa7f2899812d91d4be 
2024-10-13 18:33:00 + : None bxvgzvgyvev f77073e04096efd961606c65fbdae59dad8e58fd 
2024-10-13 18:33:01 + : pb-IF5UUWUHFw== bxvgzvgyvev f77073e04096efd961606c65fbdae59dad8e58fd 
2024-10-13 18:42:47 + : None a{i~~lgajdaif} 4da63e77c8e855d8d121f66e6efdb706c65f6e05 
2024-10-13 18:42:48 + : pb-IF4iU0QaEw== a{i~~lgajdaif} 4da63e77c8e855d8d121f66e6efdb706c65f6e05 
2024-10-13 18:42:48 + : pb-IF4iU0QaEw== ip: a{i~~lgajdaif} , Device id: 4da63e77c8e855d8d121f66e6efdb706c65f6e05 
2024-10-13 19:01:52 + : pb-IF42P24f a~h~}jdaaaajaw 9382e98cba7275c3a92c2e88fff23e76c7e1fa79 
2024-10-13 19:01:52 + : pb-IF42P24f ip: a~h~}jdaaaajaw , Device id: 9382e98cba7275c3a92c2e88fff23e76c7e1fa79 
2024-10-13 19:04:39 + : pb-IF4HUWghFg== ak~~`aal`an` ebf47976f3ce3676964e598e2daaa9a23b424d81 
2024-10-13 19:15:53 + : pb-IF42P24f a~h~}jdaaaajaw 9382e98cba7275c3a92c2e88fff23e76c7e1fa79 
2024-10-13 19:15:53 + : pb-IF42P24f ip: a~h~}jdaaaajaw , Device id: 9382e98cba7275c3a92c2e88fff23e76c7e1fa79 
2024-10-13 19:20:02 + : pb-IF5cUXAbHQ== a|o~vo~~jbaj` d4ee258994bd793662c68b1330cf6ec1771460b4 
2024-10-13 19:26:58 + : pb-IF42P24f a~h~}jdaaaajaw 9382e98cba7275c3a92c2e88fff23e76c7e1fa79 
2024-10-13 19:26:58 + : pb-IF42P24f ip: a~h~}jdaaaajaw , Device id: 9382e98cba7275c3a92c2e88fff23e76c7e1fa79 
2024-10-13 19:27:48 + : None a{i~~lgajdaif} 4da63e77c8e855d8d121f66e6efdb706c65f6e05 
2024-10-13 19:27:49 + : pb-IF4iU0QaEw== a{i~~lgajdaif} 4da63e77c8e855d8d121f66e6efdb706c65f6e05 
2024-10-13 19:27:49 + : pb-IF4iU0QaEw== ip: a{i~~lgajdaif} , Device id: 4da63e77c8e855d8d121f66e6efdb706c65f6e05 
2024-10-13 19:34:52 + : Server started 
2024-10-13 19:34:53 + : pb-IF4nUXAeCw== an~}jbajbxvb~l 7d2b6939747ea8c55d3fa6604fdae271c1eec00f 
2024-10-13 19:34:55 + : pb-IF4nUXAeCw==|| kicked > new account 
2024-10-13 19:35:00 + : None a~h~}jdaaaajaw 9382e98cba7275c3a92c2e88fff23e76c7e1fa79 
2024-10-13 19:35:01 + : pb-IF42P24f a~h~}jdaaaajaw 9382e98cba7275c3a92c2e88fff23e76c7e1fa79 
2024-10-13 19:35:01 + : pb-IF42P24f ip: a~h~}jdaaaajaw , Device id: 9382e98cba7275c3a92c2e88fff23e76c7e1fa79 
2024-10-13 19:52:58 + : Server started 
2024-10-13 19:53:16 + : pb-IF42P24f a~h~}jdaaaajaw 9382e98cba7275c3a92c2e88fff23e76c7e1fa79 
2024-10-13 19:53:16 + : pb-IF42P24f ip: a~h~}jdaaaajaw , Device id: 9382e98cba7275c3a92c2e88fff23e76c7e1fa79 
2024-10-13 19:56:44 + : pb-IF42P24f a~h~}jdaaaajaw 9382e98cba7275c3a92c2e88fff23e76c7e1fa79 
2024-10-13 19:56:44 + : pb-IF42P24f ip: a~h~}jdaaaajaw , Device id: 9382e98cba7275c3a92c2e88fff23e76c7e1fa79 
2024-10-13 19:56:55 + : None azj~z`~zn~|a ed7cab6bd9d5c5ea40bf26a83d2435ecd9cb2946 
2024-10-13 19:58:12 + : Server started 
2024-10-13 19:58:19 + : pb-IF42P24f a~h~}jdaaaajaw 9382e98cba7275c3a92c2e88fff23e76c7e1fa79 
2024-10-13 19:58:19 + : pb-IF42P24f ip: a~h~}jdaaaajaw , Device id: 9382e98cba7275c3a92c2e88fff23e76c7e1fa79 
2024-10-13 19:59:51 + : None ak~}hdaj`vvbo 5eb0f5ad3db996624310bb1531e841bbbf58c0c7 
2024-10-13 19:59:52 + : pb-IF4RVFZdNQ== ak~}hdaj`vvbo 5eb0f5ad3db996624310bb1531e841bbbf58c0c7 
2024-10-13 20:04:25 + : pb-IF4iU0QaEw== a{i~~lgajdaif} 4da63e77c8e855d8d121f66e6efdb706c65f6e05 
2024-10-13 20:04:25 + : pb-IF4iU0QaEw== ip: a{i~~lgajdaif} , Device id: 4da63e77c8e855d8d121f66e6efdb706c65f6e05 
2024-10-13 20:08:09 + : pb-IF5WUHMqJg== azj~za~~meaoe 4477fb23a42c42b98660ee3780ba51351d80a353 
2024-10-13 20:11:31 + : None aakhaiiyva~j 4356d51fe30b797eec781641c162de7e02aec63e 
2024-10-13 20:11:32 + : pb-IF4CPnEk aakhaiiyva~j 4356d51fe30b797eec781641c162de7e02aec63e 
2024-10-13 20:11:32 + : pb-IF4CPnEk ip: aakhaiiyva~j , Device id: 4356d51fe30b797eec781641c162de7e02aec63e 
2024-10-13 20:12:11 + : None a~h~}jdaaaajaw 9382e98cba7275c3a92c2e88fff23e76c7e1fa79 
2024-10-13 20:19:45 + : Server started 
2024-10-13 20:19:56 + : None aakhaiiyva~j 4356d51fe30b797eec781641c162de7e02aec63e 
2024-10-13 20:19:57 + : pb-IF4CPnEk aakhaiiyva~j 4356d51fe30b797eec781641c162de7e02aec63e 
2024-10-13 20:19:57 + : pb-IF4CPnEk ip: aakhaiiyva~j , Device id: 4356d51fe30b797eec781641c162de7e02aec63e 
2024-10-13 20:20:06 + : None a~h~}jdaaaajaw 9382e98cba7275c3a92c2e88fff23e76c7e1fa79 
2024-10-13 20:20:07 + : pb-IF42P24f a~h~}jdaaaajaw 9382e98cba7275c3a92c2e88fff23e76c7e1fa79 
2024-10-13 20:20:07 + : pb-IF42P24f ip: a~h~}jdaaaajaw , Device id: 9382e98cba7275c3a92c2e88fff23e76c7e1fa79 
2024-10-13 20:24:03 + : pb-IF42P24f a~h~}jdaaaajaw 5598fdf00ab0f8f3bf0e4b53dfdd1c50b0580e91 
2024-10-13 20:24:03 + : pb-IF42P24f ip: a~h~}jdaaaajaw , Device id: 5598fdf00ab0f8f3bf0e4b53dfdd1c50b0580e91 
2024-10-13 20:26:37 + : pb-IF5XUXFYPQ== ak~va~~afaif} 21de47be6f9bf044a10848bdf31bcd5e2d9d8110 
2024-10-13 20:28:14 + : pb-IF4iU0QaEw== a{i~~lgajdaif} 4da63e77c8e855d8d121f66e6efdb706c65f6e05 
2024-10-13 20:28:14 + : pb-IF4iU0QaEw== ip: a{i~~lgajdaif} , Device id: 4da63e77c8e855d8d121f66e6efdb706c65f6e05 
2024-10-13 20:30:02 + : pb-JiNJARBeXEJCWl1JGERQUFdCFUZbT1FH dvvcxvaxi~~k 1917f895846dacc19da693764d9d107843efd9b5 
2024-10-13 20:30:52 + : None dvvdxvb~n~}kf bdeaaa895ac1c754a00e22c62a5c9de868021d84 
2024-10-13 20:30:53 + : pb-IF4xUHY6XQ== dvvdxvb~n~}kf bdeaaa895ac1c754a00e22c62a5c9de868021d84 
2024-10-13 20:31:38 + : None ax`~}lhaiayva~m 45c14d220516e9391537acfe952c3cb8b0636d28 
2024-10-13 20:31:39 + : pb-IF4lU0FfAQ== ax`~}lhaiayva~m 45c14d220516e9391537acfe952c3cb8b0636d28 
2024-10-13 20:51:05 + : pb-IF4iU0QaEw== a{i~~lgajdaif} 4da63e77c8e855d8d121f66e6efdb706c65f6e05 
2024-10-13 20:51:05 + : pb-IF4iU0QaEw== ip: a{i~~lgajdaif} , Device id: 4da63e77c8e855d8d121f66e6efdb706c65f6e05 
2024-10-13 20:58:22 + : None azo~{a~}jcajax fa1608d7f56dc0fe79d08793234d2b1512dfbcf4 
2024-10-13 20:58:23 + : pb-IF48UXFdMg== azo~{a~}jcajax fa1608d7f56dc0fe79d08793234d2b1512dfbcf4 
2024-10-13 20:58:25 + : pb-IF48UXFdMg==|| kicked > new account 
2024-10-13 21:13:34 + : pb-IF4iU0QaEw== a{i~~lgajdaif} 4da63e77c8e855d8d121f66e6efdb706c65f6e05 
2024-10-13 21:13:34 + : pb-IF4iU0QaEw== ip: a{i~~lgajdaif} , Device id: 4da63e77c8e855d8d121f66e6efdb706c65f6e05 
2024-10-13 21:13:35 + : None dvvc}va|l~~i` 6b16a1170083437a25749a545a9480a6eee33fa4 
2024-10-13 21:37:40 + : None a{i~~lgajdaif} 4da63e77c8e855d8d121f66e6efdb706c65f6e05 
2024-10-13 21:37:41 + : pb-IF4iU0QaEw== a{i~~lgajdaif} 4da63e77c8e855d8d121f66e6efdb706c65f6e05 
2024-10-13 21:37:41 + : pb-IF4iU0QaEw== ip: a{i~~lgajdaif} , Device id: 4da63e77c8e855d8d121f66e6efdb706c65f6e05 
2024-10-13 21:39:20 + : pb-IF5QVFY_Iw== dvvcyvb|k~~` a0434027b9f8d04b2bcc7f33fbb07b135c4bd48d 
2024-10-13 21:56:35 + : None eajcxvbajh 5c6570c8bb2d50a3dd3b7a9ed9c71b3b234f3933 
2024-10-13 21:56:36 + : pb-IF4-UE8tVQ== eajcxvbajh 5c6570c8bb2d50a3dd3b7a9ed9c71b3b234f3933 
2024-10-13 21:59:45 + : None a{i~~lgajdaif} 4da63e77c8e855d8d121f66e6efdb706c65f6e05 
2024-10-13 21:59:46 + : pb-IF4iU0QaEw== a{i~~lgajdaif} 4da63e77c8e855d8d121f66e6efdb706c65f6e05 
2024-10-13 21:59:46 + : pb-IF4iU0QaEw== ip: a{i~~lgajdaif} , Device id: 4da63e77c8e855d8d121f66e6efdb706c65f6e05 
2024-10-13 22:22:47 + : None a{i~~lgajdaif} 4da63e77c8e855d8d121f66e6efdb706c65f6e05 
2024-10-13 22:22:48 + : pb-IF4iU0QaEw== a{i~~lgajdaif} 4da63e77c8e855d8d121f66e6efdb706c65f6e05 
2024-10-13 22:22:48 + : pb-IF4iU0QaEw== ip: a{i~~lgajdaif} , Device id: 4da63e77c8e855d8d121f66e6efdb706c65f6e05 
2024-10-13 22:35:53 + : pb-IF4nUkYmIg== ak~~oeaicyva{k c498a137e5157334e79a40e8a23eda71205d7925 
2024-10-13 22:45:35 + : pb-IF4iU0QaEw== a{i~~lgajdaif} 4da63e77c8e855d8d121f66e6efdb706c65f6e05 
2024-10-13 22:45:35 + : pb-IF4iU0QaEw== ip: a{i~~lgajdaif} , Device id: 4da63e77c8e855d8d121f66e6efdb706c65f6e05 
2024-10-13 22:54:10 + : None azj~z`~za~~if 424e2ccef4f8945a9398deb70ebe56904bae598c 
2024-10-13 22:54:11 + : pb-IF4vUxYmMQ== azj~z`~za~~if 424e2ccef4f8945a9398deb70ebe56904bae598c 
2024-10-13 22:54:28 + : pb-IF4MUWVcMA== azj~z`~za~~of 3a80303812a20b9fc17ceb301741521e8dcb4763 
2024-10-13 22:56:42 + : pb-IF4mUW0HJg== a~h~}jgambaib 3cf56d32aefccb02f285d5a061a97864b40e03b2 
2024-10-13 22:57:13 + : pb-IF4mUW0HJg== an~~adaifvva|m 3cf56d32aefccb02f285d5a061a97864b40e03b2 
2024-10-13 22:57:13 + : pb-IF4mUW0HJg== ip: an~~adaifvva|m , Device id: 3cf56d32aefccb02f285d5a061a97864b40e03b2 
2024-10-13 22:58:12 + : None a~h~}jgambaib 3cf56d32aefccb02f285d5a061a97864b40e03b2 
2024-10-13 22:58:13 + : pb-IF4mUW0HJg== a~h~}jgambaib 3cf56d32aefccb02f285d5a061a97864b40e03b2 
2024-10-13 22:58:13 + : pb-IF4mUW0HJg== ip: a~h~}jgambaib , Device id: 3cf56d32aefccb02f285d5a061a97864b40e03b2 
2024-10-13 22:58:42 + : pb-IF4mUW0HJg== a~h~}jgambaib 3cf56d32aefccb02f285d5a061a97864b40e03b2 
2024-10-13 22:58:42 + : pb-IF4mUW0HJg== ip: a~h~}jgambaib , Device id: 3cf56d32aefccb02f285d5a061a97864b40e03b2 
2024-10-13 23:07:33 + : pb-IF4lU0FfAQ== ax`~}lhaiayva~m 45c14d220516e9391537acfe952c3cb8b0636d28 
2024-10-13 23:07:33 + : pb-IF4lU0FfAQ== ip: ax`~}lhaiayva~m , Device id: 45c14d220516e9391537acfe952c3cb8b0636d28 
2024-10-13 23:08:13 + : pb-IF4iU0QaEw== a{i~~lgajdaif} 4da63e77c8e855d8d121f66e6efdb706c65f6e05 
2024-10-13 23:08:13 + : pb-IF4iU0QaEw== ip: a{i~~lgajdaif} , Device id: 4da63e77c8e855d8d121f66e6efdb706c65f6e05 
2024-10-13 23:19:42 + : pb-IF4jUWUy b}k~}kca`faiiy 9e51df6a426b17083e45a31fa2d74eab6694cd1f 
2024-10-13 23:22:39 + : None axi~xa~|o~za 3cf56d32aefccb02f285d5a061a97864b40e03b2 
2024-10-13 23:22:40 + : pb-IF4mUW0HJg== axi~xa~|o~za 3cf56d32aefccb02f285d5a061a97864b40e03b2 
2024-10-13 23:22:40 + : pb-IF4mUW0HJg== ip: axi~xa~|o~za , Device id: 3cf56d32aefccb02f285d5a061a97864b40e03b2 
2024-10-13 23:23:13 + : pb-IF4sU1ctXQ== azj~z`~va~zo 0a0927a2a1f03d615d04b760a5cf3faf225f0a71 
2024-10-13 23:24:56 + : None bxvevva}l~wl 3cf56d32aefccb02f285d5a061a97864b40e03b2 
2024-10-13 23:24:57 + : pb-IF4mUW0HJg== bxvevva}l~wl 3cf56d32aefccb02f285d5a061a97864b40e03b2 
2024-10-13 23:24:57 + : pb-IF4mUW0HJg== ip: bxvevva}l~wl , Device id: 3cf56d32aefccb02f285d5a061a97864b40e03b2 
2024-10-13 23:25:20 + : None axi~xa~|k~~ad 3cf56d32aefccb02f285d5a061a97864b40e03b2 
2024-10-13 23:25:21 + : pb-IF4mUW0HJg== axi~xa~|k~~ad 3cf56d32aefccb02f285d5a061a97864b40e03b2 
2024-10-13 23:25:21 + : pb-IF4mUW0HJg== ip: axi~xa~|k~~ad , Device id: 3cf56d32aefccb02f285d5a061a97864b40e03b2 
2024-10-13 23:26:30 + : None an~~adaifvva|m 3cf56d32aefccb02f285d5a061a97864b40e03b2 
2024-10-13 23:26:31 + : pb-IF4mUW0HJg== an~~adaifvva|m 3cf56d32aefccb02f285d5a061a97864b40e03b2 
2024-10-13 23:26:31 + : pb-IF4mUW0HJg== ip: an~~adaifvva|m , Device id: 3cf56d32aefccb02f285d5a061a97864b40e03b2 
2024-10-13 23:28:09 + : None ak~~jaaie}vbi 56262185281bea1559bc1e8a422eee07e90b4184 
2024-10-13 23:28:10 + : pb-IF42A3gA ak~~jaaie}vbi 56262185281bea1559bc1e8a422eee07e90b4184 
2024-10-13 23:29:04 + : pb-IF4vUxYmMQ== azj~z`~za~~if 424e2ccef4f8945a9398deb70ebe56904bae598c 
2024-10-13 23:29:04 + : pb-IF4vUxYmMQ== ip: azj~z`~za~~if , Device id: 424e2ccef4f8945a9398deb70ebe56904bae598c 
2024-10-13 23:32:03 + : None a{vb|o~~h~~jb bf18815b09e67374b846f780c628ce756d57b6c3 
2024-10-13 23:32:04 + : pb-IF4AUGVYAA== a{vb|o~~h~~jb bf18815b09e67374b846f780c628ce756d57b6c3 
2024-10-13 23:33:47 + : None azj~z`~za~~if 424e2ccef4f8945a9398deb70ebe56904bae598c 
2024-10-13 23:33:48 + : pb-IF4vUxYmMQ== azj~z`~za~~if 424e2ccef4f8945a9398deb70ebe56904bae598c 
2024-10-13 23:33:48 + : pb-IF4vUxYmMQ== ip: azj~z`~za~~if , Device id: 424e2ccef4f8945a9398deb70ebe56904bae598c 
2024-10-13 23:34:04 + : pb-IF4vUxYmMQ== azj~z`~za~~if 424e2ccef4f8945a9398deb70ebe56904bae598c 
2024-10-13 23:34:04 + : pb-IF4vUxYmMQ== ip: azj~z`~za~~if , Device id: 424e2ccef4f8945a9398deb70ebe56904bae598c 
2024-10-14 00:06:55 + : None avo~~`daigwvb|m f772abf3b038a76a45b683ca05bf4f454795ff94 
2024-10-14 00:06:56 + : pb-IF4BVVgeMA== avo~~`daigwvb|m f772abf3b038a76a45b683ca05bf4f454795ff94 
2024-10-14 00:07:26 + : pb-IF4uL0kK azo~|j~wn~}la 5ed7d73386c02ab52debfb8b3492ddcb712574f2 
2024-10-14 00:11:33 + : None a}j~~nbaieva{a 3520b26234d527cf14ea5e893dd3f388f5903660 
2024-10-14 00:11:34 + : pb-IF40UlUhJA== a}j~~nbaieva{a 3520b26234d527cf14ea5e893dd3f388f5903660 
2024-10-14 00:15:22 + : None a{i~~lgajdaif} 4da63e77c8e855d8d121f66e6efdb706c65f6e05 
2024-10-14 00:15:23 + : pb-IF4iU0QaEw== a{i~~lgajdaif} 4da63e77c8e855d8d121f66e6efdb706c65f6e05 
2024-10-14 00:15:23 + : pb-IF4iU0QaEw== ip: a{i~~lgajdaif} , Device id: 4da63e77c8e855d8d121f66e6efdb706c65f6e05 
2024-10-14 00:21:52 + : None dvvcyvi~vf} fdbe4096012e66e64da0abc7af4ad311a439464a 
2024-10-14 00:21:53 + : pb-IF4uVFQfEg== dvvcyvi~vf} fdbe4096012e66e64da0abc7af4ad311a439464a 
2024-10-14 00:21:56 + : pb-IF4uVFQfEg==|| kicked > new account 
2024-10-14 00:37:20 + : None a{i~~lgajdaif} 4da63e77c8e855d8d121f66e6efdb706c65f6e05 
2024-10-14 00:37:21 + : pb-IF4iU0QaEw== a{i~~lgajdaif} 4da63e77c8e855d8d121f66e6efdb706c65f6e05 
2024-10-14 00:37:21 + : pb-IF4iU0QaEw== ip: a{i~~lgajdaif} , Device id: 4da63e77c8e855d8d121f66e6efdb706c65f6e05 
2024-10-14 00:59:33 + : None a{i~~lgajdaif} 4da63e77c8e855d8d121f66e6efdb706c65f6e05 
2024-10-14 00:59:34 + : pb-IF4iU0QaEw== a{i~~lgajdaif} 4da63e77c8e855d8d121f66e6efdb706c65f6e05 
2024-10-14 00:59:34 + : pb-IF4iU0QaEw== ip: a{i~~lgajdaif} , Device id: 4da63e77c8e855d8d121f66e6efdb706c65f6e05 
2024-10-14 01:01:31 + : pb-IF4AUWcpAg== gyvb|vb|l~~`d 6b8a6214f843c23877ee25fa0dff004f583dd02c 
2024-10-14 01:22:13 + : pb-IF4iU0QaEw== a{i~~lgajdaif} 4da63e77c8e855d8d121f66e6efdb706c65f6e05 
2024-10-14 01:22:13 + : pb-IF4iU0QaEw== ip: a{i~~lgajdaif} , Device id: 4da63e77c8e855d8d121f66e6efdb706c65f6e05 
2024-10-14 01:43:43 + : None a{i~~lgajdaif} 4da63e77c8e855d8d121f66e6efdb706c65f6e05 
2024-10-14 01:43:44 + : pb-IF4iU0QaEw== a{i~~lgajdaif} 4da63e77c8e855d8d121f66e6efdb706c65f6e05 
2024-10-14 01:43:44 + : pb-IF4iU0QaEw== ip: a{i~~lgajdaif} , Device id: 4da63e77c8e855d8d121f66e6efdb706c65f6e05 
2024-10-14 02:05:51 + : None a{i~~lgajdaif} 4da63e77c8e855d8d121f66e6efdb706c65f6e05 
2024-10-14 02:05:52 + : pb-IF4iU0QaEw== a{i~~lgajdaif} 4da63e77c8e855d8d121f66e6efdb706c65f6e05 
2024-10-14 02:05:52 + : pb-IF4iU0QaEw== ip: a{i~~lgajdaif} , Device id: 4da63e77c8e855d8d121f66e6efdb706c65f6e05 
2024-10-14 02:21:24 + : pb-IF4cUkM4KA== an~}idaie{va{n a12400b9bcce7a920946af012c14bad6c3cab711 
2024-10-14 02:27:27 + : pb-IF4iU0QaEw== a{i~~lgajdaif} 4da63e77c8e855d8d121f66e6efdb706c65f6e05 
2024-10-14 03:19:47 + : Server started 
2024-10-14 03:34:05 + : None a{i~~lgajdaif} 4da63e77c8e855d8d121f66e6efdb706c65f6e05 
2024-10-14 03:34:06 + : pb-IF4iU0QaEw== a{i~~lgajdaif} 4da63e77c8e855d8d121f66e6efdb706c65f6e05 
2024-10-14 03:34:06 + : pb-IF4iU0QaEw== ip: a{i~~lgajdaif} , Device id: 4da63e77c8e855d8d121f66e6efdb706c65f6e05 
2024-10-14 03:56:13 + : None a{i~~lgajdaif} 4da63e77c8e855d8d121f66e6efdb706c65f6e05 
2024-10-14 03:56:14 + : pb-IF4iU0QaEw== a{i~~lgajdaif} 4da63e77c8e855d8d121f66e6efdb706c65f6e05 
2024-10-14 03:56:14 + : pb-IF4iU0QaEw== ip: a{i~~lgajdaif} , Device id: 4da63e77c8e855d8d121f66e6efdb706c65f6e05 
2024-10-14 03:56:41 + : pb-IF4uL0kK azo~|j~wn~}la 5ed7d73386c02ab52debfb8b3492ddcb712574f2 
2024-10-14 03:56:41 + : pb-IF4uL0kK ip: azo~|j~wn~}la , Device id: 5ed7d73386c02ab52debfb8b3492ddcb712574f2 
2024-10-14 04:07:21 + : None bh~vj~~ofakb 5842234b66f353f591d0e2ef02c80d6460486c83 
2024-10-14 04:07:22 + : pb-IF4JUW8iDA== bh~vj~~ofakb 5842234b66f353f591d0e2ef02c80d6460486c83 
2024-10-14 04:18:01 + : None a{i~~lgajdaif} 4da63e77c8e855d8d121f66e6efdb706c65f6e05 
2024-10-14 04:18:02 + : pb-IF4iU0QaEw== a{i~~lgajdaif} 4da63e77c8e855d8d121f66e6efdb706c65f6e05 
2024-10-14 04:18:02 + : pb-IF4iU0QaEw== ip: a{i~~lgajdaif} , Device id: 4da63e77c8e855d8d121f66e6efdb706c65f6e05 
2024-10-14 04:22:34 + : pb-IF4AUWoiPQ== awi~~heajaaj`y 4684635554991f4ac4709db1673c56b408f081de 
2024-10-14 04:41:03 + : None a{i~~lgajdaif} 4da63e77c8e855d8d121f66e6efdb706c65f6e05 
2024-10-14 04:41:04 + : pb-IF4iU0QaEw== a{i~~lgajdaif} 4da63e77c8e855d8d121f66e6efdb706c65f6e05 
2024-10-14 04:41:04 + : pb-IF4iU0QaEw== ip: a{i~~lgajdaif} , Device id: 4da63e77c8e855d8d121f66e6efdb706c65f6e05 
2024-10-14 05:03:02 + : pb-IF4iU0QaEw== a{i~~lgajdaif} 4da63e77c8e855d8d121f66e6efdb706c65f6e05 
2024-10-14 05:03:02 + : pb-IF4iU0QaEw== ip: a{i~~lgajdaif} , Device id: 4da63e77c8e855d8d121f66e6efdb706c65f6e05 
2024-10-14 05:25:08 + : pb-IF4iU0QaEw== a{i~~lgajdaif} 4da63e77c8e855d8d121f66e6efdb706c65f6e05 
2024-10-14 05:25:08 + : pb-IF4iU0QaEw== ip: a{i~~lgajdaif} , Device id: 4da63e77c8e855d8d121f66e6efdb706c65f6e05 
2024-10-14 05:48:31 + : pb-IF4iU0QaEw== a{i~~lgajdaif} 4da63e77c8e855d8d121f66e6efdb706c65f6e05 
2024-10-14 05:48:31 + : pb-IF4iU0QaEw== ip: a{i~~lgajdaif} , Device id: 4da63e77c8e855d8d121f66e6efdb706c65f6e05 
2024-10-14 06:10:48 + : pb-IF4iU0QaEw== a{i~~lgajdaif} 4da63e77c8e855d8d121f66e6efdb706c65f6e05 
2024-10-14 06:10:48 + : pb-IF4iU0QaEw== ip: a{i~~lgajdaif} , Device id: 4da63e77c8e855d8d121f66e6efdb706c65f6e05 
2024-10-14 06:33:07 + : pb-IF4iU0QaEw== a{i~~lgajdaif} 4da63e77c8e855d8d121f66e6efdb706c65f6e05 
2024-10-14 06:33:07 + : pb-IF4iU0QaEw== ip: a{i~~lgajdaif} , Device id: 4da63e77c8e855d8d121f66e6efdb706c65f6e05 
2024-10-14 06:55:16 + : pb-IF4iU0QaEw== a{i~~lgajdaif} 4da63e77c8e855d8d121f66e6efdb706c65f6e05 
2024-10-14 06:55:16 + : pb-IF4iU0QaEw== ip: a{i~~lgajdaif} , Device id: 4da63e77c8e855d8d121f66e6efdb706c65f6e05 
2024-10-14 07:18:12 + : pb-IF4iU0QaEw== a{i~~lgajdaif} 4da63e77c8e855d8d121f66e6efdb706c65f6e05 
2024-10-14 07:18:12 + : pb-IF4iU0QaEw== ip: a{i~~lgajdaif} , Device id: 4da63e77c8e855d8d121f66e6efdb706c65f6e05 
2024-10-14 07:42:48 + : pb-IF4iU0QaEw== a{i~~lgajdaif} 4da63e77c8e855d8d121f66e6efdb706c65f6e05 
2024-10-14 07:42:48 + : pb-IF4iU0QaEw== ip: a{i~~lgajdaif} , Device id: 4da63e77c8e855d8d121f66e6efdb706c65f6e05 
2024-10-14 08:00:44 + : pb-IF4XU1BbEw== awo~}jcalcaicw d7e7ca4a132ef2ce719cdac3dd0e2a03616cdf38 
2024-10-14 08:04:34 + : pb-IF4iU0QaEw== a{i~~lgajdaif} 4da63e77c8e855d8d121f66e6efdb706c65f6e05 
2024-10-14 08:04:34 + : pb-IF4iU0QaEw== ip: a{i~~lgajdaif} , Device id: 4da63e77c8e855d8d121f66e6efdb706c65f6e05 
2024-10-14 08:36:29 + : None a~h~}jda`famg 9382e98cba7275c3a92c2e88fff23e76c7e1fa79 
2024-10-14 08:36:30 + : pb-IF42P24f a~h~}jda`famg 9382e98cba7275c3a92c2e88fff23e76c7e1fa79 
2024-10-14 08:36:30 + : pb-IF42P24f ip: a~h~}jda`famg , Device id: 9382e98cba7275c3a92c2e88fff23e76c7e1fa79 
2024-10-14 08:37:11 + : pb-IF42P24f a~h~}jda`famg 9382e98cba7275c3a92c2e88fff23e76c7e1fa79 
2024-10-14 08:37:11 + : pb-IF42P24f ip: a~h~}jda`famg , Device id: 9382e98cba7275c3a92c2e88fff23e76c7e1fa79 
2024-10-14 08:49:37 + : None a{i~~lgajdaif} 4da63e77c8e855d8d121f66e6efdb706c65f6e05 
2024-10-14 08:49:38 + : pb-IF4iU0QaEw== a{i~~lgajdaif} 4da63e77c8e855d8d121f66e6efdb706c65f6e05 
2024-10-14 08:49:38 + : pb-IF4iU0QaEw== ip: a{i~~lgajdaif} , Device id: 4da63e77c8e855d8d121f66e6efdb706c65f6e05 
2024-10-14 09:11:38 + : None a{i~~lgajdaif} 4da63e77c8e855d8d121f66e6efdb706c65f6e05 
2024-10-14 09:11:39 + : pb-IF4iU0QaEw== a{i~~lgajdaif} 4da63e77c8e855d8d121f66e6efdb706c65f6e05 
2024-10-14 09:11:39 + : pb-IF4iU0QaEw== ip: a{i~~lgajdaif} , Device id: 4da63e77c8e855d8d121f66e6efdb706c65f6e05 
2024-10-14 09:33:46 + : None a{i~~lgajdaif} 4da63e77c8e855d8d121f66e6efdb706c65f6e05 
2024-10-14 09:33:47 + : pb-IF4iU0QaEw== a{i~~lgajdaif} 4da63e77c8e855d8d121f66e6efdb706c65f6e05 
2024-10-14 09:33:47 + : pb-IF4iU0QaEw== ip: a{i~~lgajdaif} , Device id: 4da63e77c8e855d8d121f66e6efdb706c65f6e05 
2024-10-14 09:55:09 + : pb-IF4iU0QaEw== a{i~~lgajdaif} 4da63e77c8e855d8d121f66e6efdb706c65f6e05 
2024-10-14 09:55:09 + : pb-IF4iU0QaEw== ip: a{i~~lgajdaif} , Device id: 4da63e77c8e855d8d121f66e6efdb706c65f6e05 
2024-10-14 10:17:38 + : pb-IF4iU0QaEw== a{i~~lgajdaif} 4da63e77c8e855d8d121f66e6efdb706c65f6e05 
2024-10-14 10:19:50 + : Server started 
2024-10-14 10:38:55 + : pb-IF4iU0QaEw== a{i~~lgajdaif} 4da63e77c8e855d8d121f66e6efdb706c65f6e05 
2024-10-14 10:38:55 + : pb-IF4iU0QaEw== ip: a{i~~lgajdaif} , Device id: 4da63e77c8e855d8d121f66e6efdb706c65f6e05 
2024-10-14 11:24:47 + : pb-IF4iU0QaEw== a{i~~lgajdaif} 4da63e77c8e855d8d121f66e6efdb706c65f6e05 
2024-10-14 11:24:47 + : pb-IF4iU0QaEw== ip: a{i~~lgajdaif} , Device id: 4da63e77c8e855d8d121f66e6efdb706c65f6e05 
2024-10-14 11:46:37 + : None a{i~~lgajdaif} 4da63e77c8e855d8d121f66e6efdb706c65f6e05 
2024-10-14 12:09:12 + : Server started 
2024-10-14 12:09:32 + : None a~h~}jda`famg 9382e98cba7275c3a92c2e88fff23e76c7e1fa79 
2024-10-14 12:09:33 + : pb-IF42P24f a~h~}jda`famg 9382e98cba7275c3a92c2e88fff23e76c7e1fa79 
2024-10-14 12:09:33 + : pb-IF42P24f ip: a~h~}jda`famg , Device id: 9382e98cba7275c3a92c2e88fff23e76c7e1fa79 
2024-10-14 12:18:44 + : pb-IF4iU0QaEw== a{i~~lgajdaif} 4da63e77c8e855d8d121f66e6efdb706c65f6e05 
2024-10-14 12:18:44 + : pb-IF4iU0QaEw== ip: a{i~~lgajdaif} , Device id: 4da63e77c8e855d8d121f66e6efdb706c65f6e05 
2024-10-14 12:33:35 + : Server started 
2024-10-14 12:33:56 + : pb-IF42P24f a~h~}jda`famg 9382e98cba7275c3a92c2e88fff23e76c7e1fa79 
2024-10-14 12:33:56 + : pb-IF42P24f ip: a~h~}jda`famg , Device id: 9382e98cba7275c3a92c2e88fff23e76c7e1fa79 
2024-10-14 12:44:49 + : None dvvcxvayj~~ig dd625f637b9c9cef57c4c847d27f2f79e379774b 
2024-10-14 12:44:50 + : pb-IF4eVE0yDw== dvvcxvayj~~ig dd625f637b9c9cef57c4c847d27f2f79e379774b 
2024-10-14 12:44:54 + : None a{i~~lgajdaif} 4da63e77c8e855d8d121f66e6efdb706c65f6e05 
2024-10-14 12:44:55 + : pb-IF4iU0QaEw== a{i~~lgajdaif} 4da63e77c8e855d8d121f66e6efdb706c65f6e05 
2024-10-14 12:44:55 + : pb-IF4iU0QaEw== ip: a{i~~lgajdaif} , Device id: 4da63e77c8e855d8d121f66e6efdb706c65f6e05 
2024-10-14 12:47:57 + : pb-IF4-VHMBCw== d|vbzj~|k~}ic 7556c1d3559248c4d535562c40021195420420f0 
2024-10-14 12:54:30 + : pb-IF42P24f a~h~}jda`famg 9382e98cba7275c3a92c2e88fff23e76c7e1fa79 
2024-10-14 12:54:30 + : pb-IF42P24f ip: a~h~}jda`famg , Device id: 9382e98cba7275c3a92c2e88fff23e76c7e1fa79 
2024-10-14 13:08:09 + : pb-IF4iU0QaEw== a{i~~lgajdaif} 4da63e77c8e855d8d121f66e6efdb706c65f6e05 
2024-10-14 13:08:09 + : pb-IF4iU0QaEw== ip: a{i~~lgajdaif} , Device id: 4da63e77c8e855d8d121f66e6efdb706c65f6e05 
2024-10-14 13:16:57 + : None a~h~}jfaigvvf| 08e5069a7322db9e2e88e7baaea1acb948324075 
2024-10-14 13:16:58 + : pb-IF4pVXkyMQ== a~h~}jfaigvvf| 08e5069a7322db9e2e88e7baaea1acb948324075 
2024-10-14 13:30:20 + : pb-IF4iU0QaEw== a{i~~lgajdaif} 4da63e77c8e855d8d121f66e6efdb706c65f6e05 
2024-10-14 13:30:20 + : pb-IF4iU0QaEw== ip: a{i~~lgajdaif} , Device id: 4da63e77c8e855d8d121f66e6efdb706c65f6e05 
2024-10-14 13:45:18 + : pb-JiNJARBeXUBDXl5BGU5RUl1DEENbT1JD an~}iiajaxva|a 99160a957a0ace5b2efc1693fe28f579c67e8e58 
2024-10-14 13:52:35 + : pb-IF4iU0QaEw== a{i~~lgajdaif} 4da63e77c8e855d8d121f66e6efdb706c65f6e05 
2024-10-14 13:52:35 + : pb-IF4iU0QaEw== ip: a{i~~lgajdaif} , Device id: 4da63e77c8e855d8d121f66e6efdb706c65f6e05 
2024-10-14 14:04:39 + : None dvvd|vc|va{n 2e1eb9cc147d1a662590cc0c4e1f8c71c671905a 
2024-10-14 14:04:40 + : pb-IF5dUGsnUg== dvvd|vc|va{n 2e1eb9cc147d1a662590cc0c4e1f8c71c671905a 
2024-10-14 14:11:56 + : pb-IF5SUWsSBg== azj~z`~~jcaidy c62758a7f722d4cbcc1181b354d49a5c9450170d 
2024-10-14 14:13:22 + : None bxveyvhyvb~l 2474ceff0e95f7676cf57b028a13056093983cce 
2024-10-14 14:13:23 + : pb-IF41UW8EBg== bxveyvhyvb~l 2474ceff0e95f7676cf57b028a13056093983cce 
2024-10-14 14:14:14 + : pb-IF41UW8EBg== bxveyvhyvb~l 2474ceff0e95f7676cf57b028a13056093983cce 
2024-10-14 14:14:14 + : pb-IF41UW8EBg== ip: bxveyvhyvb~l , Device id: 2474ceff0e95f7676cf57b028a13056093983cce 
2024-10-14 14:14:46 + : pb-IF4iU0QaEw== a{i~~lgajdaif} 4da63e77c8e855d8d121f66e6efdb706c65f6e05 
2024-10-14 14:14:46 + : pb-IF4iU0QaEw== ip: a{i~~lgajdaif} , Device id: 4da63e77c8e855d8d121f66e6efdb706c65f6e05 
2024-10-14 14:19:25 + : None azj~za~wi~|i 75c60683b5ff3dbde36461d5125def29fa95991e 
2024-10-14 14:19:26 + : pb-IF4jU2w_Jw== azj~za~wi~|i 75c60683b5ff3dbde36461d5125def29fa95991e 
2024-10-14 14:39:15 + : None a{i~~lgajdaif} 4da63e77c8e855d8d121f66e6efdb706c65f6e05 
2024-10-14 14:39:16 + : pb-IF4iU0QaEw== a{i~~lgajdaif} 4da63e77c8e855d8d121f66e6efdb706c65f6e05 
2024-10-14 14:39:16 + : pb-IF4iU0QaEw== ip: a{i~~lgajdaif} , Device id: 4da63e77c8e855d8d121f66e6efdb706c65f6e05 
2024-10-14 14:40:19 + : None a{vawh~}hhaiby 9f601945e87c3148823c8fb0afeb5eb258cfe050 
2024-10-14 14:40:20 + : pb-IF5SUWo7Vw== a{vawh~}hhaiby 9f601945e87c3148823c8fb0afeb5eb258cfe050 
2024-10-14 14:48:34 + : Server started 
2024-10-14 14:48:38 + : None a~h~}jda`baibv 9382e98cba7275c3a92c2e88fff23e76c7e1fa79 
2024-10-14 14:48:39 + : pb-IF42P24f a~h~}jda`baibv 9382e98cba7275c3a92c2e88fff23e76c7e1fa79 
2024-10-14 14:48:39 + : pb-IF42P24f ip: a~h~}jda`baibv , Device id: 9382e98cba7275c3a92c2e88fff23e76c7e1fa79 
2024-10-14 14:50:00 + : pb-IF4TUGkAMQ== dvvcyvb|k~wk 46936ed62e7e285c3d925b068ac524a629bdeeab 
2024-10-14 14:50:08 + : pb-IF42P24f a~h~}jda`baibv 9382e98cba7275c3a92c2e88fff23e76c7e1fa79 
2024-10-14 15:05:59 + : Server started 
2024-10-14 15:06:04 + : None a~h~}jda`baibv 9382e98cba7275c3a92c2e88fff23e76c7e1fa79 
2024-10-14 15:06:05 + : pb-IF42P24f a~h~}jda`baibv 9382e98cba7275c3a92c2e88fff23e76c7e1fa79 
2024-10-14 15:06:05 + : pb-IF42P24f ip: a~h~}jda`baibv , Device id: 9382e98cba7275c3a92c2e88fff23e76c7e1fa79 
2024-10-14 15:06:10 + : pb-IF4PUFgcDw== ak~}kbajc{vew fce3222e8a0bc764ee72e95ee726e35e8ad676b1 
2024-10-14 15:06:17 + : pb-IF42P24f a~h~}jda`baibv 9382e98cba7275c3a92c2e88fff23e76c7e1fa79 
2024-10-14 15:14:35 + : Server started 
2024-10-14 15:14:42 + : None a~h~}jda`baibv 9382e98cba7275c3a92c2e88fff23e76c7e1fa79 
2024-10-14 15:14:43 + : pb-IF42P24f a~h~}jda`baibv 9382e98cba7275c3a92c2e88fff23e76c7e1fa79 
2024-10-14 15:14:43 + : pb-IF42P24f ip: a~h~}jda`baibv , Device id: 9382e98cba7275c3a92c2e88fff23e76c7e1fa79 
2024-10-14 15:15:40 + : None a~h~}jda`baibv 9382e98cba7275c3a92c2e88fff23e76c7e1fa79 
2024-10-14 15:15:41 + : pb-IF42P24f a~h~}jda`baibv 9382e98cba7275c3a92c2e88fff23e76c7e1fa79 
2024-10-14 15:15:41 + : pb-IF42P24f ip: a~h~}jda`baibv , Device id: 9382e98cba7275c3a92c2e88fff23e76c7e1fa79 
2024-10-14 15:17:33 + : pb-IF4LUk8KPQ== azj~z`~~jaaie~ 1afd5be4f6e3250f31ef198232e5a71b56f117fa 
2024-10-14 15:20:13 + : None azj~z`~}k`ajav 898941b2883cde1058a045752888bdd98ba17d87 
2024-10-14 15:20:14 + : pb-IF4LURJTCg== azj~z`~}k`ajav 898941b2883cde1058a045752888bdd98ba17d87 
2024-10-14 15:22:10 + : pb-IF5VUGUPJA== azj~z`~}lbajd} fbd1490803872f3433cdd988bfecfb3b3dd89dfd 
2024-10-14 15:23:20 + : None an~}jaaid|va}h 31f0e71c9a337c403ff76d9a54a99ba99bab0157 
2024-10-14 15:42:10 + : Server started 
2024-10-14 15:42:20 + : pb-IF42P24f a~h~}jda`baibv 9382e98cba7275c3a92c2e88fff23e76c7e1fa79 
2024-10-14 15:42:20 + : pb-IF42P24f ip: a~h~}jda`baibv , Device id: 9382e98cba7275c3a92c2e88fff23e76c7e1fa79 
2024-10-14 15:43:09 + : None ak~~mgajdai` 9466d17804d94806de5b8131a3a6bb98ffdc8896 
2024-10-14 15:43:10 + : pb-IF40UmNcUw== ak~~mgajdai` 9466d17804d94806de5b8131a3a6bb98ffdc8896 
2024-10-14 15:43:12 + : pb-IF40UmNcUw==|| kicked > new account 
2024-10-14 15:48:56 + : Server started 
2024-10-14 15:49:10 + : None a~h~}jda`baibv 9382e98cba7275c3a92c2e88fff23e76c7e1fa79 
2024-10-14 15:49:11 + : pb-IF42P24f a~h~}jda`baibv 9382e98cba7275c3a92c2e88fff23e76c7e1fa79 
2024-10-14 15:49:11 + : pb-IF42P24f ip: a~h~}jda`baibv , Device id: 9382e98cba7275c3a92c2e88fff23e76c7e1fa79 
2024-10-14 15:49:52 + : kicked BCS-1.7.19  
2024-10-14 15:52:35 + : pb-IF4cUW9eMA== dvvc}va{h~~kg 317df345712bffef450a02c0f9c91d7ba07c5a5e 
2024-10-14 15:52:36 + : pb-IF4VUHQzHA== azj~z`~~vbh c4706f054857163cdeb898d1e1510178d7061ad4 
2024-10-14 15:53:11 + : None azo~{`~~ieajcy 98d53ce6c59860b34e3c416a16a02c8f2b881dc6 
2024-10-14 15:53:12 + : pb-IF4MV2FeCg== azo~{`~~ieajcy 98d53ce6c59860b34e3c416a16a02c8f2b881dc6 
2024-10-14 15:56:01 + : None azo~|l~yl~}hb 3dc26bc6f0992ba7dcdfc89c0273ee91d2cba29a 
2024-10-14 15:56:02 + : pb-IF4qUWI5Ug== azo~|l~yl~}hb 3dc26bc6f0992ba7dcdfc89c0273ee91d2cba29a 
2024-10-14 15:57:04 + : None ak~~`dajcvviz e99dceedf1d22caa5ae8020f2507b7f04a454ce2 
2024-10-14 15:57:05 + : pb-IF4CVFkdKQ== ak~~`dajcvviz e99dceedf1d22caa5ae8020f2507b7f04a454ce2 
2024-10-14 15:57:09 + : None azj~z`~~oiaia 5f6b68e639edd6e91c665ab1cb60ec032a0e2017 
2024-10-14 15:57:10 + : pb-IF5TUXI5HQ== azj~z`~~oiaia 5f6b68e639edd6e91c665ab1cb60ec032a0e2017 
2024-10-14 15:58:10 + : pb-IF4MV2FeCg== started kick vote for pb-IF4VUHQzHA==. 
2024-10-14 15:58:17 + : Kick vote End 
2024-10-14 16:01:25 + : None a{i~~lgajdaif} 4da63e77c8e855d8d121f66e6efdb706c65f6e05 
2024-10-14 16:10:09 + : Server started 
2024-10-14 16:10:23 + : None a~h~}jda`baibv 9382e98cba7275c3a92c2e88fff23e76c7e1fa79 
2024-10-14 16:10:24 + : pb-IF42P24f a~h~}jda`baibv 9382e98cba7275c3a92c2e88fff23e76c7e1fa79 
2024-10-14 16:10:24 + : pb-IF42P24f ip: a~h~}jda`baibv , Device id: 9382e98cba7275c3a92c2e88fff23e76c7e1fa79 
2024-10-14 16:10:56 + : pb-IF4uV0taNg== a}j~~naanfand e0d8871d966ccfbd4900c148a1c64a071b607cd7 
2024-10-14 16:11:34 + : kicked royalmous5 
2024-10-14 16:19:25 + : Server started 
2024-10-14 16:19:37 + : None a~h~}jda`baibv 9382e98cba7275c3a92c2e88fff23e76c7e1fa79 
2024-10-14 16:19:38 + : pb-IF42P24f a~h~}jda`baibv 9382e98cba7275c3a92c2e88fff23e76c7e1fa79 
2024-10-14 16:19:38 + : pb-IF42P24f ip: a~h~}jda`baibv , Device id: 9382e98cba7275c3a92c2e88fff23e76c7e1fa79 
2024-10-14 16:21:36 + : None a{i~~lgajdaif} 4da63e77c8e855d8d121f66e6efdb706c65f6e05 
2024-10-14 16:24:45 + : pb-IF4eUFkPDg== azo~|k~~icaif{ ecd1b0809b02e86d25b95c75282ea3f196a5aa61 
2024-10-14 16:24:45 + : pb-IF4eUFkPDg== ip: azo~|k~~icaif{ , Device id: ecd1b0809b02e86d25b95c75282ea3f196a5aa61 
2024-10-14 16:29:06 + : None dvvc}vazj~}kc d14d4f5159c4f4a6cdbaad42016bd9f28b3303fa 
2024-10-14 16:29:07 + : pb-IF4uURIcUQ== dvvc}vazj~}kc d14d4f5159c4f4a6cdbaad42016bd9f28b3303fa 
2024-10-14 16:47:11 + : pb-IF4iU0QaEw== a{i~~lgajdaif} 4da63e77c8e855d8d121f66e6efdb706c65f6e05 
2024-10-14 16:47:11 + : pb-IF4iU0QaEw== ip: a{i~~lgajdaif} , Device id: 4da63e77c8e855d8d121f66e6efdb706c65f6e05 
2024-10-14 17:07:01 + : None dvvd|va~`~ 9dc4206ee9265c86549a1e0b877a69099b83c58a 
2024-10-14 17:07:02 + : pb-IF4nUW0lCw== dvvd|va~`~ 9dc4206ee9265c86549a1e0b877a69099b83c58a 
2024-10-14 17:07:02 + : pb-IF4nUW0lCw== ip: dvvd|va~`~ , Device id: 9dc4206ee9265c86549a1e0b877a69099b83c58a 
2024-10-14 17:10:17 + : pb-IF4iU0QaEw== a{i~~lgajdaif} 4da63e77c8e855d8d121f66e6efdb706c65f6e05 
2024-10-14 17:10:17 + : pb-IF4iU0QaEw== ip: a{i~~lgajdaif} , Device id: 4da63e77c8e855d8d121f66e6efdb706c65f6e05 
2024-10-14 17:31:06 + : None ak~~mgai`zvg 834d80b3087a480a41bd8e231e464461de470ae9 
2024-10-14 17:31:07 + : pb-IF4WVVkqVg== ak~~mgai`zvg 834d80b3087a480a41bd8e231e464461de470ae9 
2024-10-14 17:31:10 + : pb-IF4WVVkqVg==|| kicked > new account 
2024-10-14 17:33:09 + : pb-IF4iU0QaEw== a{i~~lgajdaif} 4da63e77c8e855d8d121f66e6efdb706c65f6e05 
2024-10-14 17:33:09 + : pb-IF4iU0QaEw== ip: a{i~~lgajdaif} , Device id: 4da63e77c8e855d8d121f66e6efdb706c65f6e05 
2024-10-14 17:33:52 + : None an~xo~~laaaf 12b620fa3dc3ac29151604b05f90e83f931e8be9 
2024-10-14 17:33:53 + : pb-IF4KUXFdLg== an~xo~~laaaf 12b620fa3dc3ac29151604b05f90e83f931e8be9 
2024-10-14 17:35:31 + : pb-IF4LEnYu ak~zo~~obai 5bd95aee6b1c0d4142afee26831b7b79b0ad10ef 
2024-10-14 17:53:38 + : None azj~z`~|vav` 0c7b87e78e0023dbb6388ce51210107bd92087f1 
2024-10-14 17:53:39 + : pb-IF4gUXBdKg== azj~z`~|vav` 0c7b87e78e0023dbb6388ce51210107bd92087f1 
2024-10-14 17:54:38 + : pb-IF4rUEMzNw== azj~za~vvdz bca7feaabc89651b7a434ec3f4eed67facd1a802 
2024-10-14 17:55:37 + : pb-IF4sV25aKg== azo~|l~}m~~`c f36fc8282f3f63db2feabad9b1e2b44fef85d4ea 
2024-10-14 17:55:44 + : pb-IF4iU0QaEw== a{i~~lgajdaif} 4da63e77c8e855d8d121f66e6efdb706c65f6e05 
2024-10-14 17:55:44 + : pb-IF4iU0QaEw== ip: a{i~~lgajdaif} , Device id: 4da63e77c8e855d8d121f66e6efdb706c65f6e05 
2024-10-14 18:01:43 + : None azj~z`~|vav` 0c7b87e78e0023dbb6388ce51210107bd92087f1 
2024-10-14 18:01:44 + : pb-IF4gUXBdKg== azj~z`~|vav` 0c7b87e78e0023dbb6388ce51210107bd92087f1 
2024-10-14 18:01:44 + : pb-IF4gUXBdKg== ip: azj~z`~|vav` , Device id: 0c7b87e78e0023dbb6388ce51210107bd92087f1 
2024-10-14 18:01:47 + : None azj~za~vvdz bca7feaabc89651b7a434ec3f4eed67facd1a802 
2024-10-14 18:01:48 + : pb-IF4rUEMzNw== azj~za~vvdz bca7feaabc89651b7a434ec3f4eed67facd1a802 
2024-10-14 18:01:48 + : pb-IF4rUEMzNw== ip: azj~za~vvdz , Device id: bca7feaabc89651b7a434ec3f4eed67facd1a802 
2024-10-14 18:12:18 + : Server started 
2024-10-14 18:12:44 + : None a~h~}jda`baibv 9382e98cba7275c3a92c2e88fff23e76c7e1fa79 
2024-10-14 18:12:45 + : pb-IF42P24f a~h~}jda`baibv 9382e98cba7275c3a92c2e88fff23e76c7e1fa79 
2024-10-14 18:12:45 + : pb-IF42P24f ip: a~h~}jda`baibv , Device id: 9382e98cba7275c3a92c2e88fff23e76c7e1fa79 
2024-10-14 18:13:00 + : pb-IF4uL0kK azo~|j~xk~za 5ed7d73386c02ab52debfb8b3492ddcb712574f2 
2024-10-14 18:13:00 + : pb-IF4uL0kK ip: azo~|j~xk~za , Device id: 5ed7d73386c02ab52debfb8b3492ddcb712574f2 
